[1012/200653.495:ERROR:directory_reader_win.cc(43)] FindFirstFile: Системе не удается найти указанный путь. (0x3)
[1013/224201.603:ERROR:process_reader_win.cc(127)] NtOpenThread: {Отказано в доступе} Процесс запросил доступ к объекту, но права на доступ не предоставлены. (0xc0000022)
[1013/224201.712:ERROR:exception_snapshot_win.cc(100)] thread ID 17764 not found in process
[1013/224206.551:ERROR:minidumpwritedump_with_crashpad_info.cc(452)] Failed to call MiniDumpWriteDump: Отказано в доступе. (0x80070005)
[1013/224206.551:ERROR:minidumpwritedump_with_crashpad_info.cc(661)] Failed to write minidump file
[1013/224206.551:ERROR:crash_report_exception_handler.cc(134)] TryMiniDumpWriteDumpWithCrashpadInfo failed
[1013/224206.567:ERROR:process_memory_win.cc(73)] ReadMemory at 0x7ff66b630000 of 64 bytes failed: Запрос ReadProcessMemory или WriteProcessMemory был выполнен только частично. (0x12B)
[1013/224206.567:WARNING:pe_image_reader.cc(340)] could not read dos header from C:\Program Files (x86)\Microsoft\Edge\Application\msedge.exe
[1013/224206.567:ERROR:process_memory_win.cc(73)] ReadMemory at 0x7ffdc2d90000 of 64 bytes failed: Запрос ReadProcessMemory или WriteProcessMemory был выполнен только частично. (0x12B)
[1013/224206.567:WARNING:pe_image_reader.cc(340)] could not read dos header from C:\WINDOWS\SYSTEM32\ntdll.dll
[1013/224206.567:ERROR:process_memory_win.cc(73)] ReadMemory at 0x7ffdc2c60000 of 64 bytes failed: Запрос ReadProcessMemory или WriteProcessMemory был выполнен только частично. (0x12B)
[1013/224206.567:WARNING:pe_image_reader.cc(340)] could not read dos header from C:\WINDOWS\System32\KERNEL32.DLL
[1013/224206.567:ERROR:process_memory_win.cc(73)] ReadMemory at 0x7ffdc0770000 of 64 bytes failed: Запрос ReadProcessMemory или WriteProcessMemory был выполнен только частично. (0x12B)
[1013/224206.567:WARNING:pe_image_reader.cc(340)] could not read dos header from C:\WINDOWS\System32\KERNELBASE.dll
[1013/224206.567:ERROR:process_memory_win.cc(73)] ReadMemory at 0x7ffd8e2c0000 of 64 bytes failed: Запрос ReadProcessMemory или WriteProcessMemory был выполнен только частично. (0x12B)
[1013/224206.567:WARNING:pe_image_reader.cc(340)] could not read dos header from C:\Program Files (x86)\Microsoft\Edge\Application\86.0.622.38\msedge_elf.dll
[1013/224206.567:ERROR:process_memory_win.cc(73)] ReadMemory at 0x7ffdc16b0000 of 64 bytes failed: Запрос ReadProcessMemory или WriteProcessMemory был выполнен только частично. (0x12B)
[1013/224206.567:WARNING:pe_image_reader.cc(340)] could not read dos header from C:\WINDOWS\System32\ADVAPI32.dll
[1013/224206.567:ERROR:process_memory_win.cc(73)] ReadMemory at 0x7ffdc2bb0000 of 64 bytes failed: Запрос ReadProcessMemory или WriteProcessMemory был выполнен только частично. (0x12B)
[1013/224206.567:WARNING:pe_image_reader.cc(340)] could not read dos header from C:\WINDOWS\System32\msvcrt.dll
[1013/224206.567:ERROR:process_memory_win.cc(73)] ReadMemory at 0x7ffdc1ae0000 of 64 bytes failed: Запрос ReadProcessMemory или WriteProcessMemory был выполнен только частично. (0x12B)
[1013/224206.567:WARNING:pe_image_reader.cc(340)] could not read dos header from C:\WINDOWS\System32\sechost.dll
[1013/224206.567:ERROR:process_memory_win.cc(73)] ReadMemory at 0x7ffdc0dc0000 of 64 bytes failed: Запрос ReadProcessMemory или WriteProcessMemory был выполнен только частично. (0x12B)
[1013/224206.567:WARNING:pe_image_reader.cc(340)] could not read dos header from C:\WINDOWS\System32\RPCRT4.dll
[1013/224206.567:ERROR:process_memory_win.cc(73)] ReadMemory at 0x7ffdc1bd0000 of 64 bytes failed: Запрос ReadProcessMemory или WriteProcessMemory был выполнен только частично. (0x12B)
[1013/224206.567:WARNING:pe_image_reader.cc(340)] could not read dos header from C:\WINDOWS\System32\WS2_32.dll
[1013/224206.567:ERROR:process_memory_win.cc(73)] ReadMemory at 0x7ffdc1a10000 of 64 bytes failed: Запрос ReadProcessMemory или WriteProcessMemory был выполнен только частично. (0x12B)
[1013/224206.567:WARNING:pe_image_reader.cc(340)] could not read dos header from C:\WINDOWS\System32\OLEAUT32.dll
[1013/224206.567:ERROR:process_memory_win.cc(73)] ReadMemory at 0x7ffdc0a40000 of 64 bytes failed: Запрос ReadProcessMemory или WriteProcessMemory был выполнен только частично. (0x12B)
[1013/224206.567:WARNING:pe_image_reader.cc(340)] could not read dos header from C:\WINDOWS\System32\msvcp_win.dll
[1013/224206.567:ERROR:process_memory_win.cc(73)] ReadMemory at 0x7ffdc0cc0000 of 64 bytes failed: Запрос ReadProcessMemory или WriteProcessMemory был выполнен только частично. (0x12B)
[1013/224206.567:WARNING:pe_image_reader.cc(340)] could not read dos header from C:\WINDOWS\System32\ucrtbase.dll
[1013/224206.567:ERROR:process_memory_win.cc(73)] ReadMemory at 0x7ffdc26f0000 of 64 bytes failed: Запрос ReadProcessMemory или WriteProcessMemory был выполнен только частично. (0x12B)
[1013/224206.567:WARNING:pe_image_reader.cc(340)] could not read dos header from C:\WINDOWS\System32\combase.dll
[1013/224206.567:ERROR:process_memory_win.cc(73)] ReadMemory at 0x7ffdc0710000 of 64 bytes failed: Запрос ReadProcessMemory или WriteProcessMemory был выполнен только частично. (0x12B)
[1013/224206.567:WARNING:pe_image_reader.cc(340)] could not read dos header from C:\WINDOWS\System32\WINTRUST.dll
[1013/224206.567:ERROR:process_memory_win.cc(73)] ReadMemory at 0x7ffdc0b60000 of 64 bytes failed: Запрос ReadProcessMemory или WriteProcessMemory был выполнен только частично. (0x12B)
[1013/224206.567:WARNING:pe_image_reader.cc(340)] could not read dos header from C:\WINDOWS\System32\CRYPT32.dll
[1013/224206.567:ERROR:process_memory_win.cc(73)] ReadMemory at 0x7ffdab910000 of 64 bytes failed: Запрос ReadProcessMemory или WriteProcessMemory был выполнен только частично. (0x12B)
[1013/224206.567:WARNING:pe_image_reader.cc(340)] could not read dos header from C:\WINDOWS\SYSTEM32\dbghelp.dll
[1013/224206.567:ERROR:process_memory_win.cc(73)] ReadMemory at 0x7ffdbf930000 of 64 bytes failed: Запрос ReadProcessMemory или WriteProcessMemory был выполнен только частично. (0x12B)
[1013/224206.567:WARNING:pe_image_reader.cc(340)] could not read dos header from C:\WINDOWS\SYSTEM32\IPHLPAPI.DLL
[1013/224206.567:ERROR:process_memory_win.cc(73)] ReadMemory at 0x7ffdb4dc0000 of 64 bytes failed: Запрос ReadProcessMemory или WriteProcessMemory был выполнен только частично. (0x12B)
[1013/224206.567:WARNING:pe_image_reader.cc(340)] could not read dos header from C:\WINDOWS\SYSTEM32\WINMM.dll
[1013/224206.567:ERROR:process_memory_win.cc(73)] ReadMemory at 0x7ffd9fdb0000 of 64 bytes failed: Запрос ReadProcessMemory или WriteProcessMemory был выполнен только частично. (0x12B)
[1013/224206.567:WARNING:pe_image_reader.cc(340)] could not read dos header from C:\WINDOWS\SYSTEM32\UIAutomationCore.DLL
[1013/224206.567:ERROR:process_memory_win.cc(73)] ReadMemory at 0x7ffda8eb0000 of 64 bytes failed: Запрос ReadProcessMemory или WriteProcessMemory был выполнен только частично. (0x12B)
[1013/224206.567:WARNING:pe_image_reader.cc(340)] could not read dos header from C:\WINDOWS\SYSTEM32\Secur32.dll
[1013/224206.567:ERROR:process_memory_win.cc(73)] ReadMemory at 0x7ffdc0390000 of 64 bytes failed: Запрос ReadProcessMemory или WriteProcessMemory был выполнен только частично. (0x12B)
[1013/224206.567:WARNING:pe_image_reader.cc(340)] could not read dos header from C:\WINDOWS\SYSTEM32\USERENV.dll
[1013/224206.567:ERROR:process_memory_win.cc(73)] ReadMemory at 0x7ffdac4e0000 of 64 bytes failed: Запрос ReadProcessMemory или WriteProcessMemory был выполнен только частично. (0x12B)
[1013/224206.567:WARNING:pe_image_reader.cc(340)] could not read dos header from C:\WINDOWS\SYSTEM32\DWrite.dll
[1013/224206.567:ERROR:process_memory_win.cc(73)] ReadMemory at 0x7ffdb77e0000 of 64 bytes failed: Запрос ReadProcessMemory или WriteProcessMemory был выполнен только частично. (0x12B)
[1013/224206.567:WARNING:pe_image_reader.cc(340)] could not read dos header from C:\WINDOWS\SYSTEM32\WINHTTP.dll
[1013/224206.567:ERROR:process_memory_win.cc(73)] ReadMemory at 0x7ffdb4d30000 of 64 bytes failed: Запрос ReadProcessMemory или WriteProcessMemory был выполнен только частично. (0x12B)
[1013/224206.567:WARNING:pe_image_reader.cc(340)] could not read dos header from C:\WINDOWS\SYSTEM32\WINSPOOL.DRV
[1013/224206.567:ERROR:process_memory_win.cc(73)] ReadMemory at 0x7ffdbff80000 of 64 bytes failed: Запрос ReadProcessMemory или WriteProcessMemory был выполнен только частично. (0x12B)
[1013/224206.567:WARNING:pe_image_reader.cc(340)] could not read dos header from C:\WINDOWS\SYSTEM32\ncrypt.dll
[1013/224206.567:ERROR:process_memory_win.cc(73)] ReadMemory at 0x7ffdb6fc0000 of 64 bytes failed: Запрос ReadProcessMemory или WriteProcessMemory был выполнен только частично. (0x12B)
[1013/224206.567:WARNING:pe_image_reader.cc(340)] could not read dos header from C:\WINDOWS\SYSTEM32\dhcpcsvc.DLL
[1013/224206.567:ERROR:process_memory_win.cc(73)] ReadMemory at 0x7ffdbc0f0000 of 64 bytes failed: Запрос ReadProcessMemory или WriteProcessMemory был выполнен только частично. (0x12B)
[1013/224206.567:WARNING:pe_image_reader.cc(340)] could not read dos header from C:\WINDOWS\SYSTEM32\PROPSYS.dll
[1013/224206.567:ERROR:process_memory_win.cc(73)] ReadMemory at 0x7ffdc0350000 of 64 bytes failed: Запрос ReadProcessMemory или WriteProcessMemory был выполнен только частично. (0x12B)
[1013/224206.567:WARNING:pe_image_reader.cc(340)] could not read dos header from C:\WINDOWS\SYSTEM32\SSPICLI.DLL
[1013/224206.567:ERROR:process_memory_win.cc(73)] ReadMemory at 0x7ffdc0ae0000 of 64 bytes failed: Запрос ReadProcessMemory или WriteProcessMemory был выполнен только частично. (0x12B)
[1013/224206.567:WARNING:pe_image_reader.cc(340)] could not read dos header from C:\WINDOWS\System32\BCRYPT.DLL
[1013/224206.567:ERROR:process_memory_win.cc(73)] ReadMemory at 0x7ffdc0090000 of 64 bytes failed: Запрос ReadProcessMemory или WriteProcessMemory был выполнен только частично. (0x12B)
[1013/224206.567:WARNING:pe_image_reader.cc(340)] could not read dos header from C:\WINDOWS\System32\MSASN1.dll
[1013/224206.567:ERROR:process_memory_win.cc(73)] ReadMemory at 0x7ffdc0690000 of 64 bytes failed: Запрос ReadProcessMemory или WriteProcessMemory был выполнен только частично. (0x12B)
[1013/224206.567:WARNING:pe_image_reader.cc(340)] could not read dos header from C:\WINDOWS\System32\bcryptPrimitives.dll
[1013/224206.567:ERROR:process_memory_win.cc(73)] ReadMemory at 0x7ffdbff40000 of 64 bytes failed: Запрос ReadProcessMemory или WriteProcessMemory был выполнен только частично. (0x12B)
[1013/224206.567:WARNING:pe_image_reader.cc(340)] could not read dos header from C:\WINDOWS\SYSTEM32\NTASN1.dll
[1013/224206.567:ERROR:process_memory_win.cc(73)] ReadMemory at 0x7ffdbfe80000 of 64 bytes failed: Запрос ReadProcessMemory или WriteProcessMemory был выполнен только частично. (0x12B)
[1013/224206.567:WARNING:pe_image_reader.cc(340)] could not read dos header from C:\WINDOWS\SYSTEM32\CRYPTBASE.DLL
[1013/224206.567:ERROR:process_memory_win.cc(73)] ReadMemory at 0x7ffdc03d0000 of 64 bytes failed: Запрос ReadProcessMemory или WriteProcessMemory был выполнен только частично. (0x12B)
[1013/224206.567:WARNING:pe_image_reader.cc(340)] could not read dos header from C:\WINDOWS\System32\profapi.dll
[1013/224206.567:ERROR:process_memory_win.cc(73)] ReadMemory at 0x7ff66b630000 of 64 bytes failed: Запрос ReadProcessMemory или WriteProcessMemory был выполнен только частично. (0x12B)
[1013/224206.567:WARNING:pe_image_reader.cc(340)] could not read dos header from C:\Program Files (x86)\Microsoft\Edge\Application\msedge.exe
[1013/224206.567:ERROR:process_memory_win.cc(73)] ReadMemory at 0x7ff66b630000 of 64 bytes failed: Запрос ReadProcessMemory или WriteProcessMemory был выполнен только частично. (0x12B)
[1013/224206.567:WARNING:pe_image_reader.cc(340)] could not read dos header from C:\Program Files (x86)\Microsoft\Edge\Application\msedge.exe
[1013/224206.567:ERROR:process_memory_win.cc(73)] ReadMemory at 0x7ffdc2d90000 of 64 bytes failed: Запрос ReadProcessMemory или WriteProcessMemory был выполнен только частично. (0x12B)
[1013/224206.567:WARNING:pe_image_reader.cc(340)] could not read dos header from C:\WINDOWS\SYSTEM32\ntdll.dll
[1013/224206.567:ERROR:process_memory_win.cc(73)] ReadMemory at 0x7ffdc2d90000 of 64 bytes failed: Запрос ReadProcessMemory или WriteProcessMemory был выполнен только частично. (0x12B)
[1013/224206.567:WARNING:pe_image_reader.cc(340)] could not read dos header from C:\WINDOWS\SYSTEM32\ntdll.dll
[1013/224206.567:ERROR:process_memory_win.cc(73)] ReadMemory at 0x7ffdc2c60000 of 64 bytes failed: Запрос ReadProcessMemory или WriteProcessMemory был выполнен только частично. (0x12B)
[1013/224206.567:WARNING:pe_image_reader.cc(340)] could not read dos header from C:\WINDOWS\System32\KERNEL32.DLL
[1013/224206.567:ERROR:process_memory_win.cc(73)] ReadMemory at 0x7ffdc2c60000 of 64 bytes failed: Запрос ReadProcessMemory или WriteProcessMemory был выполнен только частично. (0x12B)
[1013/224206.567:WARNING:pe_image_reader.cc(340)] could not read dos header from C:\WINDOWS\System32\KERNEL32.DLL
[1013/224206.567:ERROR:process_memory_win.cc(73)] ReadMemory at 0x7ffdc0770000 of 64 bytes failed: Запрос ReadProcessMemory или WriteProcessMemory был выполнен только частично. (0x12B)
[1013/224206.567:WARNING:pe_image_reader.cc(340)] could not read dos header from C:\WINDOWS\System32\KERNELBASE.dll
[1013/224206.567:ERROR:process_memory_win.cc(73)] ReadMemory at 0x7ffdc0770000 of 64 bytes failed: Запрос ReadProcessMemory или WriteProcessMemory был выполнен только частично. (0x12B)
[1013/224206.567:WARNING:pe_image_reader.cc(340)] could not read dos header from C:\WINDOWS\System32\KERNELBASE.dll
[1013/224206.567:ERROR:process_memory_win.cc(73)] ReadMemory at 0x7ffd8e2c0000 of 64 bytes failed: Запрос ReadProcessMemory или WriteProcessMemory был выполнен только частично. (0x12B)
[1013/224206.567:WARNING:pe_image_reader.cc(340)] could not read dos header from C:\Program Files (x86)\Microsoft\Edge\Application\86.0.622.38\msedge_elf.dll
[1013/224206.567:ERROR:process_memory_win.cc(73)] ReadMemory at 0x7ffd8e2c0000 of 64 bytes failed: Запрос ReadProcessMemory или WriteProcessMemory был выполнен только частично. (0x12B)
[1013/224206.567:WARNING:pe_image_reader.cc(340)] could not read dos header from C:\Program Files (x86)\Microsoft\Edge\Application\86.0.622.38\msedge_elf.dll
[1013/224206.567:ERROR:process_memory_win.cc(73)] ReadMemory at 0x7ffdc16b0000 of 64 bytes failed: Запрос ReadProcessMemory или WriteProcessMemory был выполнен только частично. (0x12B)
[1013/224206.567:WARNING:pe_image_reader.cc(340)] could not read dos header from C:\WINDOWS\System32\ADVAPI32.dll
[1013/224206.567:ERROR:process_memory_win.cc(73)] ReadMemory at 0x7ffdc16b0000 of 64 bytes failed: Запрос ReadProcessMemory или WriteProcessMemory был выполнен только частично. (0x12B)
[1013/224206.567:WARNING:pe_image_reader.cc(340)] could not read dos header from C:\WINDOWS\System32\ADVAPI32.dll
[1013/224206.567:ERROR:process_memory_win.cc(73)] ReadMemory at 0x7ffdc2bb0000 of 64 bytes failed: Запрос ReadProcessMemory или WriteProcessMemory был выполнен только частично. (0x12B)
[1013/224206.567:WARNING:pe_image_reader.cc(340)] could not read dos header from C:\WINDOWS\System32\msvcrt.dll
[1013/224206.567:ERROR:process_memory_win.cc(73)] ReadMemory at 0x7ffdc2bb0000 of 64 bytes failed: Запрос ReadProcessMemory или WriteProcessMemory был выполнен только частично. (0x12B)
[1013/224206.567:WARNING:pe_image_reader.cc(340)] could not read dos header from C:\WINDOWS\System32\msvcrt.dll
[1013/224206.567:ERROR:process_memory_win.cc(73)] ReadMemory at 0x7ffdc1ae0000 of 64 bytes failed: Запрос ReadProcessMemory или WriteProcessMemory был выполнен только частично. (0x12B)
[1013/224206.567:WARNING:pe_image_reader.cc(340)] could not read dos header from C:\WINDOWS\System32\sechost.dll
[1013/224206.567:ERROR:process_memory_win.cc(73)] ReadMemory at 0x7ffdc1ae0000 of 64 bytes failed: Запрос ReadProcessMemory или WriteProcessMemory был выполнен только частично. (0x12B)
[1013/224206.567:WARNING:pe_image_reader.cc(340)] could not read dos header from C:\WINDOWS\System32\sechost.dll
[1013/224206.567:ERROR:process_memory_win.cc(73)] ReadMemory at 0x7ffdc0dc0000 of 64 bytes failed: Запрос ReadProcessMemory или WriteProcessMemory был выполнен только частично. (0x12B)
[1013/224206.567:WARNING:pe_image_reader.cc(340)] could not read dos header from C:\WINDOWS\System32\RPCRT4.dll
[1013/224206.567:ERROR:process_memory_win.cc(73)] ReadMemory at 0x7ffdc0dc0000 of 64 bytes failed: Запрос ReadProcessMemory или WriteProcessMemory был выполнен только частично. (0x12B)
[1013/224206.567:WARNING:pe_image_reader.cc(340)] could not read dos header from C:\WINDOWS\System32\RPCRT4.dll
[1013/224206.583:ERROR:process_memory_win.cc(73)] ReadMemory at 0x7ffd56b90000 of 64 bytes failed: Запрос ReadProcessMemory или WriteProcessMemory был выполнен только частично. (0x12B)
[1013/224206.583:WARNING:pe_image_reader.cc(340)] could not read dos header from C:\Program Files (x86)\Microsoft\Edge\Application\86.0.622.38\msedge.dll
[1013/224206.583:ERROR:process_memory_win.cc(73)] ReadMemory at 0x7ffd56b90000 of 64 bytes failed: Запрос ReadProcessMemory или WriteProcessMemory был выполнен только частично. (0x12B)
[1013/224206.583:WARNING:pe_image_reader.cc(340)] could not read dos header from C:\Program Files (x86)\Microsoft\Edge\Application\86.0.622.38\msedge.dll
[1013/224206.583:ERROR:process_memory_win.cc(73)] ReadMemory at 0x7ffdc1bd0000 of 64 bytes failed: Запрос ReadProcessMemory или WriteProcessMemory был выполнен только частично. (0x12B)
[1013/224206.583:WARNING:pe_image_reader.cc(340)] could not read dos header from C:\WINDOWS\System32\WS2_32.dll
[1013/224206.583:ERROR:process_memory_win.cc(73)] ReadMemory at 0x7ffdc1bd0000 of 64 bytes failed: Запрос ReadProcessMemory или WriteProcessMemory был выполнен только частично. (0x12B)
[1013/224206.583:WARNING:pe_image_reader.cc(340)] could not read dos header from C:\WINDOWS\System32\WS2_32.dll
[1013/224206.583:ERROR:process_memory_win.cc(73)] ReadMemory at 0x7ffdc1a10000 of 64 bytes failed: Запрос ReadProcessMemory или WriteProcessMemory был выполнен только частично. (0x12B)
[1013/224206.583:WARNING:pe_image_reader.cc(340)] could not read dos header from C:\WINDOWS\System32\OLEAUT32.dll
[1013/224206.583:ERROR:process_memory_win.cc(73)] ReadMemory at 0x7ffdc1a10000 of 64 bytes failed: Запрос ReadProcessMemory или WriteProcessMemory был выполнен только частично. (0x12B)
[1013/224206.583:WARNING:pe_image_reader.cc(340)] could not read dos header from C:\WINDOWS\System32\OLEAUT32.dll
[1013/224206.583:ERROR:process_memory_win.cc(73)] ReadMemory at 0x7ffdc0a40000 of 64 bytes failed: Запрос ReadProcessMemory или WriteProcessMemory был выполнен только частично. (0x12B)
[1013/224206.583:WARNING:pe_image_reader.cc(340)] could not read dos header from C:\WINDOWS\System32\msvcp_win.dll
[1013/224206.583:ERROR:process_memory_win.cc(73)] ReadMemory at 0x7ffdc0a40000 of 64 bytes failed: Запрос ReadProcessMemory или WriteProcessMemory был выполнен только частично. (0x12B)
[1013/224206.583:WARNING:pe_image_reader.cc(340)] could not read dos header from C:\WINDOWS\System32\msvcp_win.dll
[1013/224206.583:ERROR:process_memory_win.cc(73)] ReadMemory at 0x7ffdc0cc0000 of 64 bytes failed: Запрос ReadProcessMemory или WriteProcessMemory был выполнен только частично. (0x12B)
[1013/224206.583:WARNING:pe_image_reader.cc(340)] could not read dos header from C:\WINDOWS\System32\ucrtbase.dll
[1013/224206.583:ERROR:process_memory_win.cc(73)] ReadMemory at 0x7ffdc0cc0000 of 64 bytes failed: Запрос ReadProcessMemory или WriteProcessMemory был выполнен только частично. (0x12B)
[1013/224206.583:WARNING:pe_image_reader.cc(340)] could not read dos header from C:\WINDOWS\System32\ucrtbase.dll
[1013/224206.583:ERROR:process_memory_win.cc(73)] ReadMemory at 0x7ffdc26f0000 of 64 bytes failed: Запрос ReadProcessMemory или WriteProcessMemory был выполнен только частично. (0x12B)
[1013/224206.583:WARNING:pe_image_reader.cc(340)] could not read dos header from C:\WINDOWS\System32\combase.dll
[1013/224206.583:ERROR:process_memory_win.cc(73)] ReadMemory at 0x7ffdc26f0000 of 64 bytes failed: Запрос ReadProcessMemory или WriteProcessMemory был выполнен только частично. (0x12B)
[1013/224206.583:WARNING:pe_image_reader.cc(340)] could not read dos header from C:\WINDOWS\System32\combase.dll
[1013/224206.583:ERROR:process_memory_win.cc(73)] ReadMemory at 0x7ffdc0710000 of 64 bytes failed: Запрос ReadProcessMemory или WriteProcessMemory был выполнен только частично. (0x12B)
[1013/224206.583:WARNING:pe_image_reader.cc(340)] could not read dos header from C:\WINDOWS\System32\WINTRUST.dll
[1013/224206.583:ERROR:process_memory_win.cc(73)] ReadMemory at 0x7ffdc0710000 of 64 bytes failed: Запрос ReadProcessMemory или WriteProcessMemory был выполнен только частично. (0x12B)
[1013/224206.583:WARNING:pe_image_reader.cc(340)] could not read dos header from C:\WINDOWS\System32\WINTRUST.dll
[1013/224206.583:ERROR:process_memory_win.cc(73)] ReadMemory at 0x7ffdc0b60000 of 64 bytes failed: Запрос ReadProcessMemory или WriteProcessMemory был выполнен только частично. (0x12B)
[1013/224206.583:WARNING:pe_image_reader.cc(340)] could not read dos header from C:\WINDOWS\System32\CRYPT32.dll
[1013/224206.583:ERROR:process_memory_win.cc(73)] ReadMemory at 0x7ffdc0b60000 of 64 bytes failed: Запрос ReadProcessMemory или WriteProcessMemory был выполнен только частично. (0x12B)
[1013/224206.583:WARNING:pe_image_reader.cc(340)] could not read dos header from C:\WINDOWS\System32\CRYPT32.dll
[1013/224206.583:ERROR:process_memory_win.cc(73)] ReadMemory at 0x7ffdab910000 of 64 bytes failed: Запрос ReadProcessMemory или WriteProcessMemory был выполнен только частично. (0x12B)
[1013/224206.583:WARNING:pe_image_reader.cc(340)] could not read dos header from C:\WINDOWS\SYSTEM32\dbghelp.dll
[1013/224206.583:ERROR:process_memory_win.cc(73)] ReadMemory at 0x7ffdab910000 of 64 bytes failed: Запрос ReadProcessMemory или WriteProcessMemory был выполнен только частично. (0x12B)
[1013/224206.583:WARNING:pe_image_reader.cc(340)] could not read dos header from C:\WINDOWS\SYSTEM32\dbghelp.dll
[1013/224206.583:ERROR:process_memory_win.cc(73)] ReadMemory at 0x7ffdbf930000 of 64 bytes failed: Запрос ReadProcessMemory или WriteProcessMemory был выполнен только частично. (0x12B)
[1013/224206.583:WARNING:pe_image_reader.cc(340)] could not read dos header from C:\WINDOWS\SYSTEM32\IPHLPAPI.DLL
[1013/224206.583:ERROR:process_memory_win.cc(73)] ReadMemory at 0x7ffdbf930000 of 64 bytes failed: Запрос ReadProcessMemory или WriteProcessMemory был выполнен только частично. (0x12B)
[1013/224206.583:WARNING:pe_image_reader.cc(340)] could not read dos header from C:\WINDOWS\SYSTEM32\IPHLPAPI.DLL
[1013/224206.583:ERROR:process_memory_win.cc(73)] ReadMemory at 0x7ffdb4dc0000 of 64 bytes failed: Запрос ReadProcessMemory или WriteProcessMemory был выполнен только частично. (0x12B)
[1013/224206.583:WARNING:pe_image_reader.cc(340)] could not read dos header from C:\WINDOWS\SYSTEM32\WINMM.dll
[1013/224206.583:ERROR:process_memory_win.cc(73)] ReadMemory at 0x7ffdb4dc0000 of 64 bytes failed: Запрос ReadProcessMemory или WriteProcessMemory был выполнен только частично. (0x12B)
[1013/224206.583:WARNING:pe_image_reader.cc(340)] could not read dos header from C:\WINDOWS\SYSTEM32\WINMM.dll
[1013/224206.583:ERROR:process_memory_win.cc(73)] ReadMemory at 0x7ffd9fdb0000 of 64 bytes failed: Запрос ReadProcessMemory или WriteProcessMemory был выполнен только частично. (0x12B)
[1013/224206.583:WARNING:pe_image_reader.cc(340)] could not read dos header from C:\WINDOWS\SYSTEM32\UIAutomationCore.DLL
[1013/224206.583:ERROR:process_memory_win.cc(73)] ReadMemory at 0x7ffd9fdb0000 of 64 bytes failed: Запрос ReadProcessMemory или WriteProcessMemory был выполнен только частично. (0x12B)
[1013/224206.583:WARNING:pe_image_reader.cc(340)] could not read dos header from C:\WINDOWS\SYSTEM32\UIAutomationCore.DLL
[1013/224206.583:ERROR:process_memory_win.cc(73)] ReadMemory at 0x7ffda8eb0000 of 64 bytes failed: Запрос ReadProcessMemory или WriteProcessMemory был выполнен только частично. (0x12B)
[1013/224206.583:WARNING:pe_image_reader.cc(340)] could not read dos header from C:\WINDOWS\SYSTEM32\Secur32.dll
[1013/224206.583:ERROR:process_memory_win.cc(73)] ReadMemory at 0x7ffda8eb0000 of 64 bytes failed: Запрос ReadProcessMemory или WriteProcessMemory был выполнен только частично. (0x12B)
[1013/224206.583:WARNING:pe_image_reader.cc(340)] could not read dos header from C:\WINDOWS\SYSTEM32\Secur32.dll
[1013/224206.583:ERROR:process_memory_win.cc(73)] ReadMemory at 0x7ffdc0390000 of 64 bytes failed: Запрос ReadProcessMemory или WriteProcessMemory был выполнен только частично. (0x12B)
[1013/224206.583:WARNING:pe_image_reader.cc(340)] could not read dos header from C:\WINDOWS\SYSTEM32\USERENV.dll
[1013/224206.583:ERROR:process_memory_win.cc(73)] ReadMemory at 0x7ffdc0390000 of 64 bytes failed: Запрос ReadProcessMemory или WriteProcessMemory был выполнен только частично. (0x12B)
[1013/224206.583:WARNING:pe_image_reader.cc(340)] could not read dos header from C:\WINDOWS\SYSTEM32\USERENV.dll
[1013/224206.583:ERROR:process_memory_win.cc(73)] ReadMemory at 0x7ffdac4e0000 of 64 bytes failed: Запрос ReadProcessMemory или WriteProcessMemory был выполнен только частично. (0x12B)
[1013/224206.583:WARNING:pe_image_reader.cc(340)] could not read dos header from C:\WINDOWS\SYSTEM32\DWrite.dll
[1013/224206.583:ERROR:process_memory_win.cc(73)] ReadMemory at 0x7ffdac4e0000 of 64 bytes failed: Запрос ReadProcessMemory или WriteProcessMemory был выполнен только частично. (0x12B)
[1013/224206.583:WARNING:pe_image_reader.cc(340)] could not read dos header from C:\WINDOWS\SYSTEM32\DWrite.dll
[1013/224206.583:ERROR:process_memory_win.cc(73)] ReadMemory at 0x7ffdb77e0000 of 64 bytes failed: Запрос ReadProcessMemory или WriteProcessMemory был выполнен только частично. (0x12B)
[1013/224206.583:WARNING:pe_image_reader.cc(340)] could not read dos header from C:\WINDOWS\SYSTEM32\WINHTTP.dll
[1013/224206.583:ERROR:process_memory_win.cc(73)] ReadMemory at 0x7ffdb77e0000 of 64 bytes failed: Запрос ReadProcessMemory или WriteProcessMemory был выполнен только частично. (0x12B)
[1013/224206.583:WARNING:pe_image_reader.cc(340)] could not read dos header from C:\WINDOWS\SYSTEM32\WINHTTP.dll
[1013/224206.583:ERROR:process_memory_win.cc(73)] ReadMemory at 0x7ffdb4d30000 of 64 bytes failed: Запрос ReadProcessMemory или WriteProcessMemory был выполнен только частично. (0x12B)
[1013/224206.583:WARNING:pe_image_reader.cc(340)] could not read dos header from C:\WINDOWS\SYSTEM32\WINSPOOL.DRV
[1013/224206.583:ERROR:process_memory_win.cc(73)] ReadMemory at 0x7ffdb4d30000 of 64 bytes failed: Запрос ReadProcessMemory или WriteProcessMemory был выполнен только частично. (0x12B)
[1013/224206.583:WARNING:pe_image_reader.cc(340)] could not read dos header from C:\WINDOWS\SYSTEM32\WINSPOOL.DRV
[1013/224206.583:ERROR:process_memory_win.cc(73)] ReadMemory at 0x7ffdbff80000 of 64 bytes failed: Запрос ReadProcessMemory или WriteProcessMemory был выполнен только частично. (0x12B)
[1013/224206.583:WARNING:pe_image_reader.cc(340)] could not read dos header from C:\WINDOWS\SYSTEM32\ncrypt.dll
[1013/224206.583:ERROR:process_memory_win.cc(73)] ReadMemory at 0x7ffdbff80000 of 64 bytes failed: Запрос ReadProcessMemory или WriteProcessMemory был выполнен только частично. (0x12B)
[1013/224206.583:WARNING:pe_image_reader.cc(340)] could not read dos header from C:\WINDOWS\SYSTEM32\ncrypt.dll
[1013/224206.583:ERROR:process_memory_win.cc(73)] ReadMemory at 0x7ffdb6fc0000 of 64 bytes failed: Запрос ReadProcessMemory или WriteProcessMemory был выполнен только частично. (0x12B)
[1013/224206.583:WARNING:pe_image_reader.cc(340)] could not read dos header from C:\WINDOWS\SYSTEM32\dhcpcsvc.DLL
[1013/224206.583:ERROR:process_memory_win.cc(73)] ReadMemory at 0x7ffdb6fc0000 of 64 bytes failed: Запрос ReadProcessMemory или WriteProcessMemory был выполнен только частично. (0x12B)
[1013/224206.583:WARNING:pe_image_reader.cc(340)] could not read dos header from C:\WINDOWS\SYSTEM32\dhcpcsvc.DLL
[1013/224206.583:ERROR:process_memory_win.cc(73)] ReadMemory at 0x7ffdbc0f0000 of 64 bytes failed: Запрос ReadProcessMemory или WriteProcessMemory был выполнен только частично. (0x12B)
[1013/224206.583:WARNING:pe_image_reader.cc(340)] could not read dos header from C:\WINDOWS\SYSTEM32\PROPSYS.dll
[1013/224206.583:ERROR:process_memory_win.cc(73)] ReadMemory at 0x7ffdbc0f0000 of 64 bytes failed: Запрос ReadProcessMemory или WriteProcessMemory был выполнен только частично. (0x12B)
[1013/224206.583:WARNING:pe_image_reader.cc(340)] could not read dos header from C:\WINDOWS\SYSTEM32\PROPSYS.dll
[1013/224206.583:ERROR:process_memory_win.cc(73)] ReadMemory at 0x7ffdc0350000 of 64 bytes failed: Запрос ReadProcessMemory или WriteProcessMemory был выполнен только частично. (0x12B)
[1013/224206.583:WARNING:pe_image_reader.cc(340)] could not read dos header from C:\WINDOWS\SYSTEM32\SSPICLI.DLL
[1013/224206.583:ERROR:process_memory_win.cc(73)] ReadMemory at 0x7ffdc0350000 of 64 bytes failed: Запрос ReadProcessMemory или WriteProcessMemory был выполнен только частично. (0x12B)
[1013/224206.583:WARNING:pe_image_reader.cc(340)] could not read dos header from C:\WINDOWS\SYSTEM32\SSPICLI.DLL
[1013/224206.583:ERROR:process_memory_win.cc(73)] ReadMemory at 0x7ffdc0ae0000 of 64 bytes failed: Запрос ReadProcessMemory или WriteProcessMemory был выполнен только частично. (0x12B)
[1013/224206.583:WARNING:pe_image_reader.cc(340)] could not read dos header from C:\WINDOWS\System32\BCRYPT.DLL
[1013/224206.583:ERROR:process_memory_win.cc(73)] ReadMemory at 0x7ffdc0ae0000 of 64 bytes failed: Запрос ReadProcessMemory или WriteProcessMemory был выполнен только частично. (0x12B)
[1013/224206.583:WARNING:pe_image_reader.cc(340)] could not read dos header from C:\WINDOWS\System32\BCRYPT.DLL
[1013/224206.583:ERROR:process_memory_win.cc(73)] ReadMemory at 0x7ffdc0090000 of 64 bytes failed: Запрос ReadProcessMemory или WriteProcessMemory был выполнен только частично. (0x12B)
[1013/224206.583:WARNING:pe_image_reader.cc(340)] could not read dos header from C:\WINDOWS\System32\MSASN1.dll
[1013/224206.583:ERROR:process_memory_win.cc(73)] ReadMemory at 0x7ffdc0090000 of 64 bytes failed: Запрос ReadProcessMemory или WriteProcessMemory был выполнен только частично. (0x12B)
[1013/224206.583:WARNING:pe_image_reader.cc(340)] could not read dos header from C:\WINDOWS\System32\MSASN1.dll
[1013/224206.583:ERROR:process_memory_win.cc(73)] ReadMemory at 0x7ffdc0690000 of 64 bytes failed: Запрос ReadProcessMemory или WriteProcessMemory был выполнен только частично. (0x12B)
[1013/224206.583:WARNING:pe_image_reader.cc(340)] could not read dos header from C:\WINDOWS\System32\bcryptPrimitives.dll
[1013/224206.583:ERROR:process_memory_win.cc(73)] ReadMemory at 0x7ffdc0690000 of 64 bytes failed: Запрос ReadProcessMemory или WriteProcessMemory был выполнен только частично. (0x12B)
[1013/224206.583:WARNING:pe_image_reader.cc(340)] could not read dos header from C:\WINDOWS\System32\bcryptPrimitives.dll
[1013/224206.583:ERROR:process_memory_win.cc(73)] ReadMemory at 0x7ffdbff40000 of 64 bytes failed: Запрос ReadProcessMemory или WriteProcessMemory был выполнен только частично. (0x12B)
[1013/224206.583:WARNING:pe_image_reader.cc(340)] could not read dos header from C:\WINDOWS\SYSTEM32\NTASN1.dll
[1013/224206.583:ERROR:process_memory_win.cc(73)] ReadMemory at 0x7ffdbff40000 of 64 bytes failed: Запрос ReadProcessMemory или WriteProcessMemory был выполнен только частично. (0x12B)
[1013/224206.583:WARNING:pe_image_reader.cc(340)] could not read dos header from C:\WINDOWS\SYSTEM32\NTASN1.dll
[1013/224206.583:ERROR:process_memory_win.cc(73)] ReadMemory at 0x7ffdbfe80000 of 64 bytes failed: Запрос ReadProcessMemory или WriteProcessMemory был выполнен только частично. (0x12B)
[1013/224206.583:WARNING:pe_image_reader.cc(340)] could not read dos header from C:\WINDOWS\SYSTEM32\CRYPTBASE.DLL
[1013/224206.583:ERROR:process_memory_win.cc(73)] ReadMemory at 0x7ffdbfe80000 of 64 bytes failed: Запрос ReadProcessMemory или WriteProcessMemory был выполнен только частично. (0x12B)
[1013/224206.583:WARNING:pe_image_reader.cc(340)] could not read dos header from C:\WINDOWS\SYSTEM32\CRYPTBASE.DLL
[1013/224206.583:ERROR:process_memory_win.cc(73)] ReadMemory at 0x7ffdc03d0000 of 64 bytes failed: Запрос ReadProcessMemory или WriteProcessMemory был выполнен только частично. (0x12B)
[1013/224206.583:WARNING:pe_image_reader.cc(340)] could not read dos header from C:\WINDOWS\System32\profapi.dll
[1013/224206.583:ERROR:process_memory_win.cc(73)] ReadMemory at 0x7ffdc03d0000 of 64 bytes failed: Запрос ReadProcessMemory или WriteProcessMemory был выполнен только частично. (0x12B)
[1013/224206.583:WARNING:pe_image_reader.cc(340)] could not read dos header from C:\WINDOWS\System32\profapi.dll
[1013/224206.614:ERROR:process_memory_win.cc(73)] ReadMemory at 0x7ff66b630000 of 64 bytes failed: Запрос ReadProcessMemory или WriteProcessMemory был выполнен только частично. (0x12B)
[1013/224206.614:WARNING:pe_image_reader.cc(340)] could not read dos header from C:\Program Files (x86)\Microsoft\Edge\Application\msedge.exe
[1013/224206.614:ERROR:process_memory_win.cc(73)] ReadMemory at 0x7ffdc2d90000 of 64 bytes failed: Запрос ReadProcessMemory или WriteProcessMemory был выполнен только частично. (0x12B)
[1013/224206.614:WARNING:pe_image_reader.cc(340)] could not read dos header from C:\WINDOWS\SYSTEM32\ntdll.dll
[1013/224206.614:ERROR:process_memory_win.cc(73)] ReadMemory at 0x7ffdc2c60000 of 64 bytes failed: Запрос ReadProcessMemory или WriteProcessMemory был выполнен только частично. (0x12B)
[1013/224206.614:WARNING:pe_image_reader.cc(340)] could not read dos header from C:\WINDOWS\System32\KERNEL32.DLL
[1013/224206.614:ERROR:process_memory_win.cc(73)] ReadMemory at 0x7ffdc0770000 of 64 bytes failed: Запрос ReadProcessMemory или WriteProcessMemory был выполнен только частично. (0x12B)
[1013/224206.614:WARNING:pe_image_reader.cc(340)] could not read dos header from C:\WINDOWS\System32\KERNELBASE.dll
[1013/224206.614:ERROR:process_memory_win.cc(73)] ReadMemory at 0x7ffd8e2c0000 of 64 bytes failed: Запрос ReadProcessMemory или WriteProcessMemory был выполнен только частично. (0x12B)
[1013/224206.614:WARNING:pe_image_reader.cc(340)] could not read dos header from C:\Program Files (x86)\Microsoft\Edge\Application\86.0.622.38\msedge_elf.dll
[1013/224206.614:ERROR:process_memory_win.cc(73)] ReadMemory at 0x7ffdc16b0000 of 64 bytes failed: Запрос ReadProcessMemory или WriteProcessMemory был выполнен только частично. (0x12B)
[1013/224206.614:WARNING:pe_image_reader.cc(340)] could not read dos header from C:\WINDOWS\System32\ADVAPI32.dll
[1013/224206.614:ERROR:process_memory_win.cc(73)] ReadMemory at 0x7ffdc2bb0000 of 64 bytes failed: Запрос ReadProcessMemory или WriteProcessMemory был выполнен только частично. (0x12B)
[1013/224206.614:WARNING:pe_image_reader.cc(340)] could not read dos header from C:\WINDOWS\System32\msvcrt.dll
[1013/224206.614:ERROR:process_memory_win.cc(73)] ReadMemory at 0x7ffdc1ae0000 of 64 bytes failed: Запрос ReadProcessMemory или WriteProcessMemory был выполнен только частично. (0x12B)
[1013/224206.614:WARNING:pe_image_reader.cc(340)] could not read dos header from C:\WINDOWS\System32\sechost.dll
[1013/224206.614:ERROR:process_memory_win.cc(73)] ReadMemory at 0x7ffdc0dc0000 of 64 bytes failed: Запрос ReadProcessMemory или WriteProcessMemory был выполнен только частично. (0x12B)
[1013/224206.614:WARNING:pe_image_reader.cc(340)] could not read dos header from C:\WINDOWS\System32\RPCRT4.dll
[1013/224206.614:ERROR:process_memory_win.cc(73)] ReadMemory at 0x7ffd56b90000 of 64 bytes failed: Запрос ReadProcessMemory или WriteProcessMemory был выполнен только частично. (0x12B)
[1013/224206.614:WARNING:pe_image_reader.cc(340)] could not read dos header from C:\Program Files (x86)\Microsoft\Edge\Application\86.0.622.38\msedge.dll
[1013/224206.614:ERROR:process_memory_win.cc(73)] ReadMemory at 0x7ffdc1bd0000 of 64 bytes failed: Запрос ReadProcessMemory или WriteProcessMemory был выполнен только частично. (0x12B)
[1013/224206.614:WARNING:pe_image_reader.cc(340)] could not read dos header from C:\WINDOWS\System32\WS2_32.dll
[1013/224206.614:ERROR:process_memory_win.cc(73)] ReadMemory at 0x7ffdc1a10000 of 64 bytes failed: Запрос ReadProcessMemory или WriteProcessMemory был выполнен только частично. (0x12B)
[1013/224206.614:WARNING:pe_image_reader.cc(340)] could not read dos header from C:\WINDOWS\System32\OLEAUT32.dll
[1013/224206.614:ERROR:process_memory_win.cc(73)] ReadMemory at 0x7ffdc0a40000 of 64 bytes failed: Запрос ReadProcessMemory или WriteProcessMemory был выполнен только частично. (0x12B)
[1013/224206.614:WARNING:pe_image_reader.cc(340)] could not read dos header from C:\WINDOWS\System32\msvcp_win.dll
[1013/224206.614:ERROR:process_memory_win.cc(73)] ReadMemory at 0x7ffdc0cc0000 of 64 bytes failed: Запрос ReadProcessMemory или WriteProcessMemory был выполнен только частично. (0x12B)
[1013/224206.614:WARNING:pe_image_reader.cc(340)] could not read dos header from C:\WINDOWS\System32\ucrtbase.dll
[1013/224206.614:ERROR:process_memory_win.cc(73)] ReadMemory at 0x7ffdc26f0000 of 64 bytes failed: Запрос ReadProcessMemory или WriteProcessMemory был выполнен только частично. (0x12B)
[1013/224206.614:WARNING:pe_image_reader.cc(340)] could not read dos header from C:\WINDOWS\System32\combase.dll
[1013/224206.614:ERROR:process_memory_win.cc(73)] ReadMemory at 0x7ffdc0710000 of 64 bytes failed: Запрос ReadProcessMemory или WriteProcessMemory был выполнен только частично. (0x12B)
[1013/224206.614:WARNING:pe_image_reader.cc(340)] could not read dos header from C:\WINDOWS\System32\WINTRUST.dll
[1013/224206.614:ERROR:process_memory_win.cc(73)] ReadMemory at 0x7ffdc0b60000 of 64 bytes failed: Запрос ReadProcessMemory или WriteProcessMemory был выполнен только частично. (0x12B)
[1013/224206.614:WARNING:pe_image_reader.cc(340)] could not read dos header from C:\WINDOWS\System32\CRYPT32.dll
[1013/224206.614:ERROR:process_memory_win.cc(73)] ReadMemory at 0x7ffdab910000 of 64 bytes failed: Запрос ReadProcessMemory или WriteProcessMemory был выполнен только частично. (0x12B)
[1013/224206.614:WARNING:pe_image_reader.cc(340)] could not read dos header from C:\WINDOWS\SYSTEM32\dbghelp.dll
[1013/224206.614:ERROR:process_memory_win.cc(73)] ReadMemory at 0x7ffdbf930000 of 64 bytes failed: Запрос ReadProcessMemory или WriteProcessMemory был выполнен только частично. (0x12B)
[1013/224206.614:WARNING:pe_image_reader.cc(340)] could not read dos header from C:\WINDOWS\SYSTEM32\IPHLPAPI.DLL
[1013/224206.614:ERROR:process_memory_win.cc(73)] ReadMemory at 0x7ffdb4dc0000 of 64 bytes failed: Запрос ReadProcessMemory или WriteProcessMemory был выполнен только частично. (0x12B)
[1013/224206.614:WARNING:pe_image_reader.cc(340)] could not read dos header from C:\WINDOWS\SYSTEM32\WINMM.dll
[1013/224206.614:ERROR:process_memory_win.cc(73)] ReadMemory at 0x7ffd9fdb0000 of 64 bytes failed: Запрос ReadProcessMemory или WriteProcessMemory был выполнен только частично. (0x12B)
[1013/224206.614:WARNING:pe_image_reader.cc(340)] could not read dos header from C:\WINDOWS\SYSTEM32\UIAutomationCore.DLL
[1013/224206.614:ERROR:process_memory_win.cc(73)] ReadMemory at 0x7ffda8eb0000 of 64 bytes failed: Запрос ReadProcessMemory или WriteProcessMemory был выполнен только частично. (0x12B)
[1013/224206.614:WARNING:pe_image_reader.cc(340)] could not read dos header from C:\WINDOWS\SYSTEM32\Secur32.dll
[1013/224206.614:ERROR:process_memory_win.cc(73)] ReadMemory at 0x7ffdc0390000 of 64 bytes failed: Запрос ReadProcessMemory или WriteProcessMemory был выполнен только частично. (0x12B)
[1013/224206.614:WARNING:pe_image_reader.cc(340)] could not read dos header from C:\WINDOWS\SYSTEM32\USERENV.dll
[1013/224206.614:ERROR:process_memory_win.cc(73)] ReadMemory at 0x7ffdac4e0000 of 64 bytes failed: Запрос ReadProcessMemory или WriteProcessMemory был выполнен только частично. (0x12B)
[1013/224206.614:WARNING:pe_image_reader.cc(340)] could not read dos header from C:\WINDOWS\SYSTEM32\DWrite.dll
[1013/224206.614:ERROR:process_memory_win.cc(73)] ReadMemory at 0x7ffdb77e0000 of 64 bytes failed: Запрос ReadProcessMemory или WriteProcessMemory был выполнен только частично. (0x12B)
[1013/224206.614:WARNING:pe_image_reader.cc(340)] could not read dos header from C:\WINDOWS\SYSTEM32\WINHTTP.dll
[1013/224206.614:ERROR:process_memory_win.cc(73)] ReadMemory at 0x7ffdb4d30000 of 64 bytes failed: Запрос ReadProcessMemory или WriteProcessMemory был выполнен только частично. (0x12B)
[1013/224206.614:WARNING:pe_image_reader.cc(340)] could not read dos header from C:\WINDOWS\SYSTEM32\WINSPOOL.DRV
[1013/224206.614:ERROR:process_memory_win.cc(73)] ReadMemory at 0x7ffdbff80000 of 64 bytes failed: Запрос ReadProcessMemory или WriteProcessMemory был выполнен только частично. (0x12B)
[1013/224206.614:WARNING:pe_image_reader.cc(340)] could not read dos header from C:\WINDOWS\SYSTEM32\ncrypt.dll
[1013/224206.614:ERROR:process_memory_win.cc(73)] ReadMemory at 0x7ffdb6fc0000 of 64 bytes failed: Запрос ReadProcessMemory или WriteProcessMemory был выполнен только частично. (0x12B)
[1013/224206.614:WARNING:pe_image_reader.cc(340)] could not read dos header from C:\WINDOWS\SYSTEM32\dhcpcsvc.DLL
[1013/224206.614:ERROR:process_memory_win.cc(73)] ReadMemory at 0x7ffdbc0f0000 of 64 bytes failed: Запрос ReadProcessMemory или WriteProcessMemory был выполнен только частично. (0x12B)
[1013/224206.614:WARNING:pe_image_reader.cc(340)] could not read dos header from C:\WINDOWS\SYSTEM32\PROPSYS.dll
[1013/224206.614:ERROR:process_memory_win.cc(73)] ReadMemory at 0x7ffdc0350000 of 64 bytes failed: Запрос ReadProcessMemory или WriteProcessMemory был выполнен только частично. (0x12B)
[1013/224206.614:WARNING:pe_image_reader.cc(340)] could not read dos header from C:\WINDOWS\SYSTEM32\SSPICLI.DLL
[1013/224206.614:ERROR:process_memory_win.cc(73)] ReadMemory at 0x7ffdc0ae0000 of 64 bytes failed: Запрос ReadProcessMemory или WriteProcessMemory был выполнен только частично. (0x12B)
[1013/224206.614:WARNING:pe_image_reader.cc(340)] could not read dos header from C:\WINDOWS\System32\BCRYPT.DLL
[1013/224206.614:ERROR:process_memory_win.cc(73)] ReadMemory at 0x7ffdc0090000 of 64 bytes failed: Запрос ReadProcessMemory или WriteProcessMemory был выполнен только частично. (0x12B)
[1013/224206.614:WARNING:pe_image_reader.cc(340)] could not read dos header from C:\WINDOWS\System32\MSASN1.dll
[1013/224206.614:ERROR:process_memory_win.cc(73)] ReadMemory at 0x7ffdc0690000 of 64 bytes failed: Запрос ReadProcessMemory или WriteProcessMemory был выполнен только частично. (0x12B)
[1013/224206.614:WARNING:pe_image_reader.cc(340)] could not read dos header from C:\WINDOWS\System32\bcryptPrimitives.dll
[1013/224206.614:ERROR:process_memory_win.cc(73)] ReadMemory at 0x7ffdbff40000 of 64 bytes failed: Запрос ReadProcessMemory или WriteProcessMemory был выполнен только частично. (0x12B)
[1013/224206.614:WARNING:pe_image_reader.cc(340)] could not read dos header from C:\WINDOWS\SYSTEM32\NTASN1.dll
[1013/224206.614:ERROR:process_memory_win.cc(73)] ReadMemory at 0x7ffdbfe80000 of 64 bytes failed: Запрос ReadProcessMemory или WriteProcessMemory был выполнен только частично. (0x12B)
[1013/224206.614:WARNING:pe_image_reader.cc(340)] could not read dos header from C:\WINDOWS\SYSTEM32\CRYPTBASE.DLL
[1013/224206.614:ERROR:process_memory_win.cc(73)] ReadMemory at 0x7ffdc03d0000 of 64 bytes failed: Запрос ReadProcessMemory или WriteProcessMemory был выполнен только частично. (0x12B)
[1013/224206.614:WARNING:pe_image_reader.cc(340)] could not read dos header from C:\WINDOWS\System32\profapi.dll
[1013/224206.630:ERROR:process_memory_win.cc(73)] ReadMemory at 0x7ff66b630000 of 64 bytes failed: Запрос ReadProcessMemory или WriteProcessMemory был выполнен только частично. (0x12B)
[1013/224206.630:WARNING:pe_image_reader.cc(340)] could not read dos header from C:\Program Files (x86)\Microsoft\Edge\Application\msedge.exe
[1013/224206.630:ERROR:process_memory_win.cc(73)] ReadMemory at 0x7ffdc2d90000 of 64 bytes failed: Запрос ReadProcessMemory или WriteProcessMemory был выполнен только частично. (0x12B)
[1013/224206.630:WARNING:pe_image_reader.cc(340)] could not read dos header from C:\WINDOWS\SYSTEM32\ntdll.dll
[1013/224206.630:ERROR:process_memory_win.cc(73)] ReadMemory at 0x7ffdc2c60000 of 64 bytes failed: Запрос ReadProcessMemory или WriteProcessMemory был выполнен только частично. (0x12B)
[1013/224206.630:WARNING:pe_image_reader.cc(340)] could not read dos header from C:\WINDOWS\System32\KERNEL32.DLL
[1013/224206.630:ERROR:process_memory_win.cc(73)] ReadMemory at 0x7ffdc0770000 of 64 bytes failed: Запрос ReadProcessMemory или WriteProcessMemory был выполнен только частично. (0x12B)
[1013/224206.630:WARNING:pe_image_reader.cc(340)] could not read dos header from C:\WINDOWS\System32\KERNELBASE.dll
[1013/224206.630:ERROR:process_memory_win.cc(73)] ReadMemory at 0x7ffd8e2c0000 of 64 bytes failed: Запрос ReadProcessMemory или WriteProcessMemory был выполнен только частично. (0x12B)
[1013/224206.630:WARNING:pe_image_reader.cc(340)] could not read dos header from C:\Program Files (x86)\Microsoft\Edge\Application\86.0.622.38\msedge_elf.dll
[1013/224206.630:ERROR:process_memory_win.cc(73)] ReadMemory at 0x7ffdc16b0000 of 64 bytes failed: Запрос ReadProcessMemory или WriteProcessMemory был выполнен только частично. (0x12B)
[1013/224206.630:WARNING:pe_image_reader.cc(340)] could not read dos header from C:\WINDOWS\System32\ADVAPI32.dll
[1013/224206.630:ERROR:process_memory_win.cc(73)] ReadMemory at 0x7ffdc2bb0000 of 64 bytes failed: Запрос ReadProcessMemory или WriteProcessMemory был выполнен только частично. (0x12B)
[1013/224206.630:WARNING:pe_image_reader.cc(340)] could not read dos header from C:\WINDOWS\System32\msvcrt.dll
[1013/224206.630:ERROR:process_memory_win.cc(73)] ReadMemory at 0x7ffdc1ae0000 of 64 bytes failed: Запрос ReadProcessMemory или WriteProcessMemory был выполнен только частично. (0x12B)
[1013/224206.630:WARNING:pe_image_reader.cc(340)] could not read dos header from C:\WINDOWS\System32\sechost.dll
[1013/224206.630:ERROR:process_memory_win.cc(73)] ReadMemory at 0x7ffdc0dc0000 of 64 bytes failed: Запрос ReadProcessMemory или WriteProcessMemory был выполнен только частично. (0x12B)
[1013/224206.630:WARNING:pe_image_reader.cc(340)] could not read dos header from C:\WINDOWS\System32\RPCRT4.dll
[1013/224206.630:ERROR:process_memory_win.cc(73)] ReadMemory at 0x7ffd56b90000 of 64 bytes failed: Запрос ReadProcessMemory или WriteProcessMemory был выполнен только частично. (0x12B)
[1013/224206.630:WARNING:pe_image_reader.cc(340)] could not read dos header from C:\Program Files (x86)\Microsoft\Edge\Application\86.0.622.38\msedge.dll
[1013/224206.630:ERROR:process_memory_win.cc(73)] ReadMemory at 0x7ffdc1bd0000 of 64 bytes failed: Запрос ReadProcessMemory или WriteProcessMemory был выполнен только частично. (0x12B)
[1013/224206.630:WARNING:pe_image_reader.cc(340)] could not read dos header from C:\WINDOWS\System32\WS2_32.dll
[1013/224206.630:ERROR:process_memory_win.cc(73)] ReadMemory at 0x7ffdc1a10000 of 64 bytes failed: Запрос ReadProcessMemory или WriteProcessMemory был выполнен только частично. (0x12B)
[1013/224206.630:WARNING:pe_image_reader.cc(340)] could not read dos header from C:\WINDOWS\System32\OLEAUT32.dll
[1013/224206.630:ERROR:process_memory_win.cc(73)] ReadMemory at 0x7ffdc0a40000 of 64 bytes failed: Запрос ReadProcessMemory или WriteProcessMemory был выполнен только частично. (0x12B)
[1013/224206.630:WARNING:pe_image_reader.cc(340)] could not read dos header from C:\WINDOWS\System32\msvcp_win.dll
[1013/224206.630:ERROR:process_memory_win.cc(73)] ReadMemory at 0x7ffdc0cc0000 of 64 bytes failed: Запрос ReadProcessMemory или WriteProcessMemory был выполнен только частично. (0x12B)
[1013/224206.630:WARNING:pe_image_reader.cc(340)] could not read dos header from C:\WINDOWS\System32\ucrtbase.dll
[1013/224206.630:ERROR:process_memory_win.cc(73)] ReadMemory at 0x7ffdc26f0000 of 64 bytes failed: Запрос ReadProcessMemory или WriteProcessMemory был выполнен только частично. (0x12B)
[1013/224206.630:WARNING:pe_image_reader.cc(340)] could not read dos header from C:\WINDOWS\System32\combase.dll
[1013/224206.630:ERROR:process_memory_win.cc(73)] ReadMemory at 0x7ffdc0710000 of 64 bytes failed: Запрос ReadProcessMemory или WriteProcessMemory был выполнен только частично. (0x12B)
[1013/224206.630:WARNING:pe_image_reader.cc(340)] could not read dos header from C:\WINDOWS\System32\WINTRUST.dll
[1013/224206.630:ERROR:process_memory_win.cc(73)] ReadMemory at 0x7ffdc0b60000 of 64 bytes failed: Запрос ReadProcessMemory или WriteProcessMemory был выполнен только частично. (0x12B)
[1013/224206.630:WARNING:pe_image_reader.cc(340)] could not read dos header from C:\WINDOWS\System32\CRYPT32.dll
[1013/224206.630:ERROR:process_memory_win.cc(73)] ReadMemory at 0x7ffdab910000 of 64 bytes failed: Запрос ReadProcessMemory или WriteProcessMemory был выполнен только частично. (0x12B)
[1013/224206.630:WARNING:pe_image_reader.cc(340)] could not read dos header from C:\WINDOWS\SYSTEM32\dbghelp.dll
[1013/224206.630:ERROR:process_memory_win.cc(73)] ReadMemory at 0x7ffdbf930000 of 64 bytes failed: Запрос ReadProcessMemory или WriteProcessMemory был выполнен только частично. (0x12B)
[1013/224206.630:WARNING:pe_image_reader.cc(340)] could not read dos header from C:\WINDOWS\SYSTEM32\IPHLPAPI.DLL
[1013/224206.630:ERROR:process_memory_win.cc(73)] ReadMemory at 0x7ffdb4dc0000 of 64 bytes failed: Запрос ReadProcessMemory или WriteProcessMemory был выполнен только частично. (0x12B)
[1013/224206.630:WARNING:pe_image_reader.cc(340)] could not read dos header from C:\WINDOWS\SYSTEM32\WINMM.dll
[1013/224206.630:ERROR:process_memory_win.cc(73)] ReadMemory at 0x7ffd9fdb0000 of 64 bytes failed: Запрос ReadProcessMemory или WriteProcessMemory был выполнен только частично. (0x12B)
[1013/224206.630:WARNING:pe_image_reader.cc(340)] could not read dos header from C:\WINDOWS\SYSTEM32\UIAutomationCore.DLL
[1013/224206.630:ERROR:process_memory_win.cc(73)] ReadMemory at 0x7ffda8eb0000 of 64 bytes failed: Запрос ReadProcessMemory или WriteProcessMemory был выполнен только частично. (0x12B)
[1013/224206.630:WARNING:pe_image_reader.cc(340)] could not read dos header from C:\WINDOWS\SYSTEM32\Secur32.dll
[1013/224206.630:ERROR:process_memory_win.cc(73)] ReadMemory at 0x7ffdc0390000 of 64 bytes failed: Запрос ReadProcessMemory или WriteProcessMemory был выполнен только частично. (0x12B)
[1013/224206.630:WARNING:pe_image_reader.cc(340)] could not read dos header from C:\WINDOWS\SYSTEM32\USERENV.dll
[1013/224206.630:ERROR:process_memory_win.cc(73)] ReadMemory at 0x7ffdac4e0000 of 64 bytes failed: Запрос ReadProcessMemory или WriteProcessMemory был выполнен только частично. (0x12B)
[1013/224206.630:WARNING:pe_image_reader.cc(340)] could not read dos header from C:\WINDOWS\SYSTEM32\DWrite.dll
[1013/224206.630:ERROR:process_memory_win.cc(73)] ReadMemory at 0x7ffdb77e0000 of 64 bytes failed: Запрос ReadProcessMemory или WriteProcessMemory был выполнен только частично. (0x12B)
[1013/224206.630:WARNING:pe_image_reader.cc(340)] could not read dos header from C:\WINDOWS\SYSTEM32\WINHTTP.dll
[1013/224206.630:ERROR:process_memory_win.cc(73)] ReadMemory at 0x7ffdb4d30000 of 64 bytes failed: Запрос ReadProcessMemory или WriteProcessMemory был выполнен только частично. (0x12B)
[1013/224206.630:WARNING:pe_image_reader.cc(340)] could not read dos header from C:\WINDOWS\SYSTEM32\WINSPOOL.DRV
[1013/224206.630:ERROR:process_memory_win.cc(73)] ReadMemory at 0x7ffdbff80000 of 64 bytes failed: Запрос ReadProcessMemory или WriteProcessMemory был выполнен только частично. (0x12B)
[1013/224206.630:WARNING:pe_image_reader.cc(340)] could not read dos header from C:\WINDOWS\SYSTEM32\ncrypt.dll
[1013/224206.630:ERROR:process_memory_win.cc(73)] ReadMemory at 0x7ffdb6fc0000 of 64 bytes failed: Запрос ReadProcessMemory или WriteProcessMemory был выполнен только частично. (0x12B)
[1013/224206.630:WARNING:pe_image_reader.cc(340)] could not read dos header from C:\WINDOWS\SYSTEM32\dhcpcsvc.DLL
[1013/224206.630:ERROR:process_memory_win.cc(73)] ReadMemory at 0x7ffdbc0f0000 of 64 bytes failed: Запрос ReadProcessMemory или WriteProcessMemory был выполнен только частично. (0x12B)
[1013/224206.630:WARNING:pe_image_reader.cc(340)] could not read dos header from C:\WINDOWS\SYSTEM32\PROPSYS.dll
[1013/224206.630:ERROR:process_memory_win.cc(73)] ReadMemory at 0x7ffdc0350000 of 64 bytes failed: Запрос ReadProcessMemory или WriteProcessMemory был выполнен только частично. (0x12B)
[1013/224206.630:WARNING:pe_image_reader.cc(340)] could not read dos header from C:\WINDOWS\SYSTEM32\SSPICLI.DLL
[1013/224206.630:ERROR:process_memory_win.cc(73)] ReadMemory at 0x7ffdc0ae0000 of 64 bytes failed: Запрос ReadProcessMemory или WriteProcessMemory был выполнен только частично. (0x12B)
[1013/224206.630:WARNING:pe_image_reader.cc(340)] could not read dos header from C:\WINDOWS\System32\BCRYPT.DLL
[1013/224206.630:ERROR:process_memory_win.cc(73)] ReadMemory at 0x7ffdc0090000 of 64 bytes failed: Запрос ReadProcessMemory или WriteProcessMemory был выполнен только частично. (0x12B)
[1013/224206.630:WARNING:pe_image_reader.cc(340)] could not read dos header from C:\WINDOWS\System32\MSASN1.dll
[1013/224206.630:ERROR:process_memory_win.cc(73)] ReadMemory at 0x7ffdc0690000 of 64 bytes failed: Запрос ReadProcessMemory или WriteProcessMemory был выполнен только частично. (0x12B)
[1013/224206.630:WARNING:pe_image_reader.cc(340)] could not read dos header from C:\WINDOWS\System32\bcryptPrimitives.dll
[1013/224206.630:ERROR:process_memory_win.cc(73)] ReadMemory at 0x7ffdbff40000 of 64 bytes failed: Запрос ReadProcessMemory или WriteProcessMemory был выполнен только частично. (0x12B)
[1013/224206.630:WARNING:pe_image_reader.cc(340)] could not read dos header from C:\WINDOWS\SYSTEM32\NTASN1.dll
[1013/224206.630:ERROR:process_memory_win.cc(73)] ReadMemory at 0x7ffdbfe80000 of 64 bytes failed: Запрос ReadProcessMemory или WriteProcessMemory был выполнен только частично. (0x12B)
[1013/224206.630:WARNING:pe_image_reader.cc(340)] could not read dos header from C:\WINDOWS\SYSTEM32\CRYPTBASE.DLL
[1013/224206.630:ERROR:process_memory_win.cc(73)] ReadMemory at 0x7ffdc03d0000 of 64 bytes failed: Запрос ReadProcessMemory или WriteProcessMemory был выполнен только частично. (0x12B)
[1013/224206.630:WARNING:pe_image_reader.cc(340)] could not read dos header from C:\WINDOWS\System32\profapi.dll
[1013/224206.630:ERROR:process_memory_win.cc(73)] ReadMemory at 0x7ff66b630000 of 64 bytes failed: Запрос ReadProcessMemory или WriteProcessMemory был выполнен только частично. (0x12B)
[1013/224206.630:WARNING:pe_image_reader.cc(340)] could not read dos header from C:\Program Files (x86)\Microsoft\Edge\Application\msedge.exe
[1013/224206.630:ERROR:process_memory_win.cc(73)] ReadMemory at 0x7ffdc2d90000 of 64 bytes failed: Запрос ReadProcessMemory или WriteProcessMemory был выполнен только частично. (0x12B)
[1013/224206.630:WARNING:pe_image_reader.cc(340)] could not read dos header from C:\WINDOWS\SYSTEM32\ntdll.dll
[1013/224206.630:ERROR:process_memory_win.cc(73)] ReadMemory at 0x7ffdc2c60000 of 64 bytes failed: Запрос ReadProcessMemory или WriteProcessMemory был выполнен только частично. (0x12B)
[1013/224206.630:WARNING:pe_image_reader.cc(340)] could not read dos header from C:\WINDOWS\System32\KERNEL32.DLL
[1013/224206.630:ERROR:process_memory_win.cc(73)] ReadMemory at 0x7ffdc0770000 of 64 bytes failed: Запрос ReadProcessMemory или WriteProcessMemory был выполнен только частично. (0x12B)
[1013/224206.630:WARNING:pe_image_reader.cc(340)] could not read dos header from C:\WINDOWS\System32\KERNELBASE.dll
[1013/224206.630:ERROR:process_memory_win.cc(73)] ReadMemory at 0x7ffd8e2c0000 of 64 bytes failed: Запрос ReadProcessMemory или WriteProcessMemory был выполнен только частично. (0x12B)
[1013/224206.630:WARNING:pe_image_reader.cc(340)] could not read dos header from C:\Program Files (x86)\Microsoft\Edge\Application\86.0.622.38\msedge_elf.dll
[1013/224206.630:ERROR:process_memory_win.cc(73)] ReadMemory at 0x7ffdc16b0000 of 64 bytes failed: Запрос ReadProcessMemory или WriteProcessMemory был выполнен только частично. (0x12B)
[1013/224206.630:WARNING:pe_image_reader.cc(340)] could not read dos header from C:\WINDOWS\System32\ADVAPI32.dll
[1013/224206.630:ERROR:process_memory_win.cc(73)] ReadMemory at 0x7ffdc2bb0000 of 64 bytes failed: Запрос ReadProcessMemory или WriteProcessMemory был выполнен только частично. (0x12B)
[1013/224206.630:WARNING:pe_image_reader.cc(340)] could not read dos header from C:\WINDOWS\System32\msvcrt.dll
[1013/224206.630:ERROR:process_memory_win.cc(73)] ReadMemory at 0x7ffdc1ae0000 of 64 bytes failed: Запрос ReadProcessMemory или WriteProcessMemory был выполнен только частично. (0x12B)
[1013/224206.630:WARNING:pe_image_reader.cc(340)] could not read dos header from C:\WINDOWS\System32\sechost.dll
[1013/224206.630:ERROR:process_memory_win.cc(73)] ReadMemory at 0x7ffdc0dc0000 of 64 bytes failed: Запрос ReadProcessMemory или WriteProcessMemory был выполнен только частично. (0x12B)
[1013/224206.630:WARNING:pe_image_reader.cc(340)] could not read dos header from C:\WINDOWS\System32\RPCRT4.dll
[1013/224206.630:ERROR:process_memory_win.cc(73)] ReadMemory at 0x7ffd56b90000 of 64 bytes failed: Запрос ReadProcessMemory или WriteProcessMemory был выполнен только частично. (0x12B)
[1013/224206.630:WARNING:pe_image_reader.cc(340)] could not read dos header from C:\Program Files (x86)\Microsoft\Edge\Application\86.0.622.38\msedge.dll
[1013/224206.630:ERROR:process_memory_win.cc(73)] ReadMemory at 0x7ffdc1bd0000 of 64 bytes failed: Запрос ReadProcessMemory или WriteProcessMemory был выполнен только частично. (0x12B)
[1013/224206.630:WARNING:pe_image_reader.cc(340)] could not read dos header from C:\WINDOWS\System32\WS2_32.dll
[1013/224206.630:ERROR:process_memory_win.cc(73)] ReadMemory at 0x7ffdc1a10000 of 64 bytes failed: Запрос ReadProcessMemory или WriteProcessMemory был выполнен только частично. (0x12B)
[1013/224206.630:WARNING:pe_image_reader.cc(340)] could not read dos header from C:\WINDOWS\System32\OLEAUT32.dll
[1013/224206.630:ERROR:process_memory_win.cc(73)] ReadMemory at 0x7ffdc0a40000 of 64 bytes failed: Запрос ReadProcessMemory или WriteProcessMemory был выполнен только частично. (0x12B)
[1013/224206.630:WARNING:pe_image_reader.cc(340)] could not read dos header from C:\WINDOWS\System32\msvcp_win.dll
[1013/224206.630:ERROR:process_memory_win.cc(73)] ReadMemory at 0x7ffdc0cc0000 of 64 bytes failed: Запрос ReadProcessMemory или WriteProcessMemory был выполнен только частично. (0x12B)
[1013/224206.630:WARNING:pe_image_reader.cc(340)] could not read dos header from C:\WINDOWS\System32\ucrtbase.dll
[1013/224206.630:ERROR:process_memory_win.cc(73)] ReadMemory at 0x7ffdc26f0000 of 64 bytes failed: Запрос ReadProcessMemory или WriteProcessMemory был выполнен только частично. (0x12B)
[1013/224206.630:WARNING:pe_image_reader.cc(340)] could not read dos header from C:\WINDOWS\System32\combase.dll
[1013/224206.630:ERROR:process_memory_win.cc(73)] ReadMemory at 0x7ffdc0710000 of 64 bytes failed: Запрос ReadProcessMemory или WriteProcessMemory был выполнен только частично. (0x12B)
[1013/224206.630:WARNING:pe_image_reader.cc(340)] could not read dos header from C:\WINDOWS\System32\WINTRUST.dll
[1013/224206.630:ERROR:process_memory_win.cc(73)] ReadMemory at 0x7ffdc0b60000 of 64 bytes failed: Запрос ReadProcessMemory или WriteProcessMemory был выполнен только частично. (0x12B)
[1013/224206.630:WARNING:pe_image_reader.cc(340)] could not read dos header from C:\WINDOWS\System32\CRYPT32.dll
[1013/224206.630:ERROR:process_memory_win.cc(73)] ReadMemory at 0x7ffdab910000 of 64 bytes failed: Запрос ReadProcessMemory или WriteProcessMemory был выполнен только частично. (0x12B)
[1013/224206.630:WARNING:pe_image_reader.cc(340)] could not read dos header from C:\WINDOWS\SYSTEM32\dbghelp.dll
[1013/224206.630:ERROR:process_memory_win.cc(73)] ReadMemory at 0x7ffdbf930000 of 64 bytes failed: Запрос ReadProcessMemory или WriteProcessMemory был выполнен только частично. (0x12B)
[1013/224206.630:WARNING:pe_image_reader.cc(340)] could not read dos header from C:\WINDOWS\SYSTEM32\IPHLPAPI.DLL
[1013/224206.630:ERROR:process_memory_win.cc(73)] ReadMemory at 0x7ffdb4dc0000 of 64 bytes failed: Запрос ReadProcessMemory или WriteProcessMemory был выполнен только частично. (0x12B)
[1013/224206.630:WARNING:pe_image_reader.cc(340)] could not read dos header from C:\WINDOWS\SYSTEM32\WINMM.dll
[1013/224206.630:ERROR:process_memory_win.cc(73)] ReadMemory at 0x7ffd9fdb0000 of 64 bytes failed: Запрос ReadProcessMemory или WriteProcessMemory был выполнен только частично. (0x12B)
[1013/224206.630:WARNING:pe_image_reader.cc(340)] could not read dos header from C:\WINDOWS\SYSTEM32\UIAutomationCore.DLL
[1013/224206.630:ERROR:process_memory_win.cc(73)] ReadMemory at 0x7ffda8eb0000 of 64 bytes failed: Запрос ReadProcessMemory или WriteProcessMemory был выполнен только частично. (0x12B)
[1013/224206.630:WARNING:pe_image_reader.cc(340)] could not read dos header from C:\WINDOWS\SYSTEM32\Secur32.dll
[1013/224206.630:ERROR:process_memory_win.cc(73)] ReadMemory at 0x7ffdc0390000 of 64 bytes failed: Запрос ReadProcessMemory или WriteProcessMemory был выполнен только частично. (0x12B)
[1013/224206.630:WARNING:pe_image_reader.cc(340)] could not read dos header from C:\WINDOWS\SYSTEM32\USERENV.dll
[1013/224206.630:ERROR:process_memory_win.cc(73)] ReadMemory at 0x7ffdac4e0000 of 64 bytes failed: Запрос ReadProcessMemory или WriteProcessMemory был выполнен только частично. (0x12B)
[1013/224206.630:WARNING:pe_image_reader.cc(340)] could not read dos header from C:\WINDOWS\SYSTEM32\DWrite.dll
[1013/224206.630:ERROR:process_memory_win.cc(73)] ReadMemory at 0x7ffdb77e0000 of 64 bytes failed: Запрос ReadProcessMemory или WriteProcessMemory был выполнен только частично. (0x12B)
[1013/224206.630:WARNING:pe_image_reader.cc(340)] could not read dos header from C:\WINDOWS\SYSTEM32\WINHTTP.dll
[1013/224206.630:ERROR:process_memory_win.cc(73)] ReadMemory at 0x7ffdb4d30000 of 64 bytes failed: Запрос ReadProcessMemory или WriteProcessMemory был выполнен только частично. (0x12B)
[1013/224206.630:WARNING:pe_image_reader.cc(340)] could not read dos header from C:\WINDOWS\SYSTEM32\WINSPOOL.DRV
[1013/224206.630:ERROR:process_memory_win.cc(73)] ReadMemory at 0x7ffdbff80000 of 64 bytes failed: Запрос ReadProcessMemory или WriteProcessMemory был выполнен только частично. (0x12B)
[1013/224206.630:WARNING:pe_image_reader.cc(340)] could not read dos header from C:\WINDOWS\SYSTEM32\ncrypt.dll
[1013/224206.630:ERROR:process_memory_win.cc(73)] ReadMemory at 0x7ffdb6fc0000 of 64 bytes failed: Запрос ReadProcessMemory или WriteProcessMemory был выполнен только частично. (0x12B)
[1013/224206.630:WARNING:pe_image_reader.cc(340)] could not read dos header from C:\WINDOWS\SYSTEM32\dhcpcsvc.DLL
[1013/224206.630:ERROR:process_memory_win.cc(73)] ReadMemory at 0x7ffdbc0f0000 of 64 bytes failed: Запрос ReadProcessMemory или WriteProcessMemory был выполнен только частично. (0x12B)
[1013/224206.630:WARNING:pe_image_reader.cc(340)] could not read dos header from C:\WINDOWS\SYSTEM32\PROPSYS.dll
[1013/224206.630:ERROR:process_memory_win.cc(73)] ReadMemory at 0x7ffdc0350000 of 64 bytes failed: Запрос ReadProcessMemory или WriteProcessMemory был выполнен только частично. (0x12B)
[1013/224206.630:WARNING:pe_image_reader.cc(340)] could not read dos header from C:\WINDOWS\SYSTEM32\SSPICLI.DLL
[1013/224206.630:ERROR:process_memory_win.cc(73)] ReadMemory at 0x7ffdc0ae0000 of 64 bytes failed: Запрос ReadProcessMemory или WriteProcessMemory был выполнен только частично. (0x12B)
[1013/224206.630:WARNING:pe_image_reader.cc(340)] could not read dos header from C:\WINDOWS\System32\BCRYPT.DLL
[1013/224206.630:ERROR:process_memory_win.cc(73)] ReadMemory at 0x7ffdc0090000 of 64 bytes failed: Запрос ReadProcessMemory или WriteProcessMemory был выполнен только частично. (0x12B)
[1013/224206.630:WARNING:pe_image_reader.cc(340)] could not read dos header from C:\WINDOWS\System32\MSASN1.dll
[1013/224206.630:ERROR:process_memory_win.cc(73)] ReadMemory at 0x7ffdc0690000 of 64 bytes failed: Запрос ReadProcessMemory или WriteProcessMemory был выполнен только частично. (0x12B)
[1013/224206.630:WARNING:pe_image_reader.cc(340)] could not read dos header from C:\WINDOWS\System32\bcryptPrimitives.dll
[1013/224206.630:ERROR:process_memory_win.cc(73)] ReadMemory at 0x7ffdbff40000 of 64 bytes failed: Запрос ReadProcessMemory или WriteProcessMemory был выполнен только частично. (0x12B)
[1013/224206.630:WARNING:pe_image_reader.cc(340)] could not read dos header from C:\WINDOWS\SYSTEM32\NTASN1.dll
[1013/224206.630:ERROR:process_memory_win.cc(73)] ReadMemory at 0x7ffdbfe80000 of 64 bytes failed: Запрос ReadProcessMemory или WriteProcessMemory был выполнен только частично. (0x12B)
[1013/224206.630:WARNING:pe_image_reader.cc(340)] could not read dos header from C:\WINDOWS\SYSTEM32\CRYPTBASE.DLL
[1013/224206.630:ERROR:process_memory_win.cc(73)] ReadMemory at 0x7ffdc03d0000 of 64 bytes failed: Запрос ReadProcessMemory или WriteProcessMemory был выполнен только частично. (0x12B)
[1013/224206.630:WARNING:pe_image_reader.cc(340)] could not read dos header from C:\WINDOWS\System32\profapi.dll
[1013/224206.645:ERROR:process_memory_win.cc(73)] ReadMemory at 0xa0699b2000 of 852 bytes failed: Запрос ReadProcessMemory или WriteProcessMemory был выполнен только частично. (0x12B)
[1013/224206.645:ERROR:process_memory_win.cc(73)] ReadMemory at 0x25068b202c0 of 40 bytes failed: Запрос ReadProcessMemory или WriteProcessMemory был выполнен только частично. (0x12B)
[1013/224206.645:ERROR:process_memory_win.cc(73)] ReadMemory at 0x25068bc02c0 of 40 bytes failed: Запрос ReadProcessMemory или WriteProcessMemory был выполнен только частично. (0x12B)
[1013/224206.645:ERROR:process_memory_win.cc(73)] ReadMemory at 0x25068c027f0 of 4460 bytes failed: Запрос ReadProcessMemory или WriteProcessMemory был выполнен только частично. (0x12B)
[1013/224206.645:ERROR:process_memory_win.cc(73)] ReadMemory at 0x25068c03970 of 1012 bytes failed: Запрос ReadProcessMemory или WriteProcessMemory был выполнен только частично. (0x12B)
[1013/224206.645:ERROR:process_memory_win.cc(73)] ReadMemory at 0x25068c03fb8 of 120 bytes failed: Запрос ReadProcessMemory или WriteProcessMemory был выполнен только частично. (0x12B)
[1013/224206.645:ERROR:process_memory_win.cc(73)] ReadMemory at 0x25068c04032 of 832 bytes failed: Запрос ReadProcessMemory или WriteProcessMemory был выполнен только частично. (0x12B)
[1013/224206.645:ERROR:process_memory_win.cc(73)] ReadMemory at 0x25068c04374 of 120 bytes failed: Запрос ReadProcessMemory или WriteProcessMemory был выполнен только частично. (0x12B)
[1013/224206.645:ERROR:process_memory_win.cc(73)] ReadMemory at 0x25068c043ee of 96 bytes failed: Запрос ReadProcessMemory или WriteProcessMemory был выполнен только частично. (0x12B)
[1013/224206.645:ERROR:process_memory_win.cc(73)] ReadMemory at 0x25068c04470 of 58 bytes failed: Запрос ReadProcessMemory или WriteProcessMemory был выполнен только частично. (0x12B)
[1013/224206.645:ERROR:process_memory_win.cc(73)] ReadMemory at 0x25068c04580 of 132 bytes failed: Запрос ReadProcessMemory или WriteProcessMemory был выполнен только частично. (0x12B)
[1013/224206.645:ERROR:process_memory_win.cc(73)] ReadMemory at 0x25068c04710 of 132 bytes failed: Запрос ReadProcessMemory или WriteProcessMemory был выполнен только частично. (0x12B)
[1013/224206.645:ERROR:process_memory_win.cc(73)] ReadMemory at 0x25068c04e00 of 132 bytes failed: Запрос ReadProcessMemory или WriteProcessMemory был выполнен только частично. (0x12B)
[1013/224206.645:ERROR:process_memory_win.cc(73)] ReadMemory at 0x25068c04f90 of 64 bytes failed: Запрос ReadProcessMemory или WriteProcessMemory был выполнен только частично. (0x12B)
[1013/224206.645:ERROR:process_memory_win.cc(73)] ReadMemory at 0x25068c05160 of 132 bytes failed: Запрос ReadProcessMemory или WriteProcessMemory был выполнен только частично. (0x12B)
[1013/224206.645:ERROR:process_memory_win.cc(73)] ReadMemory at 0x25068c05420 of 132 bytes failed: Запрос ReadProcessMemory или WriteProcessMemory был выполнен только частично. (0x12B)
[1013/224206.645:ERROR:process_memory_win.cc(73)] ReadMemory at 0x25068c055b0 of 68 bytes failed: Запрос ReadProcessMemory или WriteProcessMemory был выполнен только частично. (0x12B)
[1013/224206.645:ERROR:process_memory_win.cc(73)] ReadMemory at 0x25068c06600 of 152 bytes failed: Запрос ReadProcessMemory или WriteProcessMemory был выполнен только частично. (0x12B)
[1013/224206.645:ERROR:process_memory_win.cc(73)] ReadMemory at 0x25068c0fe40 of 132 bytes failed: Запрос ReadProcessMemory или WriteProcessMemory был выполнен только частично. (0x12B)
[1013/224206.645:ERROR:process_memory_win.cc(73)] ReadMemory at 0x25068c10180 of 132 bytes failed: Запрос ReadProcessMemory или WriteProcessMemory был выполнен только частично. (0x12B)
[1013/224206.645:ERROR:process_memory_win.cc(73)] ReadMemory at 0x25068c103c0 of 132 bytes failed: Запрос ReadProcessMemory или WriteProcessMemory был выполнен только частично. (0x12B)
[1013/224206.645:ERROR:process_memory_win.cc(73)] ReadMemory at 0x25068c105a0 of 132 bytes failed: Запрос ReadProcessMemory или WriteProcessMemory был выполнен только частично. (0x12B)
[1013/224206.645:ERROR:process_memory_win.cc(73)] ReadMemory at 0x25068c106e0 of 132 bytes failed: Запрос ReadProcessMemory или WriteProcessMemory был выполнен только частично. (0x12B)
[1013/224206.645:ERROR:process_memory_win.cc(73)] ReadMemory at 0x25068c131e0 of 64 bytes failed: Запрос ReadProcessMemory или WriteProcessMemory был выполнен только частично. (0x12B)
[1013/224206.645:ERROR:process_memory_win.cc(73)] ReadMemory at 0x25068c13d20 of 66 bytes failed: Запрос ReadProcessMemory или WriteProcessMemory был выполнен только частично. (0x12B)
[1013/224206.645:ERROR:process_memory_win.cc(73)] ReadMemory at 0x25068c184d0 of 60 bytes failed: Запрос ReadProcessMemory или WriteProcessMemory был выполнен только частично. (0x12B)
[1013/224206.645:ERROR:process_memory_win.cc(73)] ReadMemory at 0x25068c18590 of 60 bytes failed: Запрос ReadProcessMemory или WriteProcessMemory был выполнен только частично. (0x12B)
[1013/224206.645:ERROR:process_memory_win.cc(73)] ReadMemory at 0x25068c185d0 of 62 bytes failed: Запрос ReadProcessMemory или WriteProcessMemory был выполнен только частично. (0x12B)
[1013/224206.645:ERROR:process_memory_win.cc(73)] ReadMemory at 0x25068c19090 of 60 bytes failed: Запрос ReadProcessMemory или WriteProcessMemory был выполнен только частично. (0x12B)
[1013/224206.645:ERROR:process_memory_win.cc(73)] ReadMemory at 0x25068c190d0 of 62 bytes failed: Запрос ReadProcessMemory или WriteProcessMemory был выполнен только частично. (0x12B)
[1013/224206.645:ERROR:process_memory_win.cc(73)] ReadMemory at 0x25068c19110 of 62 bytes failed: Запрос ReadProcessMemory или WriteProcessMemory был выполнен только частично. (0x12B)
[1013/224206.661:ERROR:process_memory_win.cc(73)] ReadMemory at 0x25068c19150 of 62 bytes failed: Запрос ReadProcessMemory или WriteProcessMemory был выполнен только частично. (0x12B)
[1013/224206.661:ERROR:process_memory_win.cc(73)] ReadMemory at 0x25068c19210 of 62 bytes failed: Запрос ReadProcessMemory или WriteProcessMemory был выполнен только частично. (0x12B)
[1013/224206.661:ERROR:process_memory_win.cc(73)] ReadMemory at 0x25068c19250 of 60 bytes failed: Запрос ReadProcessMemory или WriteProcessMemory был выполнен только частично. (0x12B)
[1013/224206.661:ERROR:process_memory_win.cc(73)] ReadMemory at 0x25068c192d0 of 62 bytes failed: Запрос ReadProcessMemory или WriteProcessMemory был выполнен только частично. (0x12B)
[1013/224206.661:ERROR:process_memory_win.cc(73)] ReadMemory at 0x25068c19410 of 62 bytes failed: Запрос ReadProcessMemory или WriteProcessMemory был выполнен только частично. (0x12B)
[1013/224206.661:ERROR:process_memory_win.cc(73)] ReadMemory at 0x25068c19510 of 58 bytes failed: Запрос ReadProcessMemory или WriteProcessMemory был выполнен только частично. (0x12B)
[1013/224206.661:ERROR:process_memory_win.cc(73)] ReadMemory at 0x25068c19550 of 60 bytes failed: Запрос ReadProcessMemory или WriteProcessMemory был выполнен только частично. (0x12B)
[1013/224206.661:ERROR:process_memory_win.cc(73)] ReadMemory at 0x25068c195d0 of 60 bytes failed: Запрос ReadProcessMemory или WriteProcessMemory был выполнен только частично. (0x12B)
[1013/224206.661:ERROR:process_memory_win.cc(73)] ReadMemory at 0x25068c19650 of 62 bytes failed: Запрос ReadProcessMemory или WriteProcessMemory был выполнен только частично. (0x12B)
[1013/224206.661:ERROR:process_memory_win.cc(73)] ReadMemory at 0x25068c19810 of 62 bytes failed: Запрос ReadProcessMemory или WriteProcessMemory был выполнен только частично. (0x12B)
[1013/224206.661:ERROR:process_memory_win.cc(73)] ReadMemory at 0x25068c19950 of 60 bytes failed: Запрос ReadProcessMemory или WriteProcessMemory был выполнен только частично. (0x12B)
[1013/224206.661:ERROR:process_memory_win.cc(73)] ReadMemory at 0x25068c19f50 of 60 bytes failed: Запрос ReadProcessMemory или WriteProcessMemory был выполнен только частично. (0x12B)
[1013/224206.661:ERROR:process_memory_win.cc(73)] ReadMemory at 0x25068c1b050 of 132 bytes failed: Запрос ReadProcessMemory или WriteProcessMemory был выполнен только частично. (0x12B)
[1013/224206.661:ERROR:process_memory_win.cc(73)] ReadMemory at 0x25068c1b3b0 of 132 bytes failed: Запрос ReadProcessMemory или WriteProcessMemory был выполнен только частично. (0x12B)
[1013/224206.661:ERROR:process_memory_win.cc(73)] ReadMemory at 0x25068c1b6f0 of 132 bytes failed: Запрос ReadProcessMemory или WriteProcessMemory был выполнен только частично. (0x12B)
[1013/224206.661:ERROR:process_memory_win.cc(73)] ReadMemory at 0x25068c1e530 of 144 bytes failed: Запрос ReadProcessMemory или WriteProcessMemory был выполнен только частично. (0x12B)
[1013/224206.661:ERROR:process_memory_win.cc(73)] ReadMemory at 0x25068c1eb30 of 132 bytes failed: Запрос ReadProcessMemory или WriteProcessMemory был выполнен только частично. (0x12B)
[1013/224206.661:ERROR:process_memory_win.cc(73)] ReadMemory at 0x25068c1ed50 of 132 bytes failed: Запрос ReadProcessMemory или WriteProcessMemory был выполнен только частично. (0x12B)
[1013/224206.661:ERROR:process_memory_win.cc(73)] ReadMemory at 0x25068c1ef70 of 132 bytes failed: Запрос ReadProcessMemory или WriteProcessMemory был выполнен только частично. (0x12B)
[1013/224206.661:ERROR:process_memory_win.cc(73)] ReadMemory at 0x25068c2d290 of 80 bytes failed: Запрос ReadProcessMemory или WriteProcessMemory был выполнен только частично. (0x12B)
[1013/224206.661:ERROR:process_memory_win.cc(73)] ReadMemory at 0x25068c2d6b0 of 40 bytes failed: Запрос ReadProcessMemory или WriteProcessMemory был выполнен только частично. (0x12B)
[1013/224206.661:ERROR:process_memory_win.cc(73)] ReadMemory at 0x25068c2dbf0 of 80 bytes failed: Запрос ReadProcessMemory или WriteProcessMemory был выполнен только частично. (0x12B)
[1013/224206.661:ERROR:process_memory_win.cc(73)] ReadMemory at 0x25068c2e0a0 of 64 bytes failed: Запрос ReadProcessMemory или WriteProcessMemory был выполнен только частично. (0x12B)
[1013/224206.661:ERROR:process_memory_win.cc(73)] ReadMemory at 0x25068c2e550 of 64 bytes failed: Запрос ReadProcessMemory или WriteProcessMemory был выполнен только частично. (0x12B)
[1013/224206.661:ERROR:process_memory_win.cc(73)] ReadMemory at 0x25068c2e6e0 of 64 bytes failed: Запрос ReadProcessMemory или WriteProcessMemory был выполнен только частично. (0x12B)
[1013/224206.661:ERROR:process_memory_win.cc(73)] ReadMemory at 0x25068c2e780 of 64 bytes failed: Запрос ReadProcessMemory или WriteProcessMemory был выполнен только частично. (0x12B)
[1013/224206.661:ERROR:process_memory_win.cc(73)] ReadMemory at 0x25068c2e960 of 66 bytes failed: Запрос ReadProcessMemory или WriteProcessMemory был выполнен только частично. (0x12B)
[1013/224206.661:ERROR:process_memory_win.cc(73)] ReadMemory at 0x25068c2eeb0 of 64 bytes failed: Запрос ReadProcessMemory или WriteProcessMemory был выполнен только частично. (0x12B)
[1013/224206.661:ERROR:process_memory_win.cc(73)] ReadMemory at 0x25068c2ef00 of 64 bytes failed: Запрос ReadProcessMemory или WriteProcessMemory был выполнен только частично. (0x12B)
[1013/224206.661:ERROR:process_memory_win.cc(73)] ReadMemory at 0x25068c2f040 of 132 bytes failed: Запрос ReadProcessMemory или WriteProcessMemory был выполнен только частично. (0x12B)
[1013/224206.661:ERROR:process_memory_win.cc(73)] ReadMemory at 0x25068c2f160 of 132 bytes failed: Запрос ReadProcessMemory или WriteProcessMemory был выполнен только частично. (0x12B)
[1013/224206.661:ERROR:process_memory_win.cc(73)] ReadMemory at 0x25068c2f280 of 132 bytes failed: Запрос ReadProcessMemory или WriteProcessMemory был выполнен только частично. (0x12B)
[1013/224206.661:ERROR:process_memory_win.cc(73)] ReadMemory at 0x25068c2f3a0 of 132 bytes failed: Запрос ReadProcessMemory или WriteProcessMemory был выполнен только частично. (0x12B)
[1013/224206.661:ERROR:process_memory_win.cc(73)] ReadMemory at 0x25068c2f4c0 of 132 bytes failed: Запрос ReadProcessMemory или WriteProcessMemory был выполнен только частично. (0x12B)
[1013/224206.661:ERROR:process_memory_win.cc(73)] ReadMemory at 0x25068c2f5e0 of 132 bytes failed: Запрос ReadProcessMemory или WriteProcessMemory был выполнен только частично. (0x12B)
[1013/224206.661:ERROR:process_memory_win.cc(73)] ReadMemory at 0x25068c2f700 of 132 bytes failed: Запрос ReadProcessMemory или WriteProcessMemory был выполнен только частично. (0x12B)
[1013/224206.661:ERROR:process_memory_win.cc(73)] ReadMemory at 0x25068c2f820 of 132 bytes failed: Запрос ReadProcessMemory или WriteProcessMemory был выполнен только частично. (0x12B)
[1013/224206.661:ERROR:process_memory_win.cc(73)] ReadMemory at 0x25068c2f940 of 132 bytes failed: Запрос ReadProcessMemory или WriteProcessMemory был выполнен только частично. (0x12B)
[1013/224206.661:ERROR:process_memory_win.cc(73)] ReadMemory at 0x25068c2fa60 of 132 bytes failed: Запрос ReadProcessMemory или WriteProcessMemory был выполнен только частично. (0x12B)
[1013/224206.661:ERROR:process_memory_win.cc(73)] ReadMemory at 0x25068c2fb80 of 132 bytes failed: Запрос ReadProcessMemory или WriteProcessMemory был выполнен только частично. (0x12B)
[1013/224206.661:ERROR:process_memory_win.cc(73)] ReadMemory at 0x25068c2fca0 of 132 bytes failed: Запрос ReadProcessMemory или WriteProcessMemory был выполнен только частично. (0x12B)
[1013/224206.661:ERROR:process_memory_win.cc(73)] ReadMemory at 0x25068c2fee0 of 132 bytes failed: Запрос ReadProcessMemory или WriteProcessMemory был выполнен только частично. (0x12B)
[1013/224206.661:ERROR:process_memory_win.cc(73)] ReadMemory at 0x25068c31040 of 132 bytes failed: Запрос ReadProcessMemory или WriteProcessMemory был выполнен только частично. (0x12B)
[1013/224206.661:ERROR:process_memory_win.cc(73)] ReadMemory at 0x25068c31160 of 132 bytes failed: Запрос ReadProcessMemory или WriteProcessMemory был выполнен только частично. (0x12B)
[1013/224206.661:ERROR:process_memory_win.cc(73)] ReadMemory at 0x25068c313a0 of 132 bytes failed: Запрос ReadProcessMemory или WriteProcessMemory был выполнен только частично. (0x12B)
[1013/224206.661:ERROR:process_memory_win.cc(73)] ReadMemory at 0x25068c31940 of 132 bytes failed: Запрос ReadProcessMemory или WriteProcessMemory был выполнен только частично. (0x12B)
[1013/224206.661:ERROR:process_memory_win.cc(73)] ReadMemory at 0x25068c31dc0 of 132 bytes failed: Запрос ReadProcessMemory или WriteProcessMemory был выполнен только частично. (0x12B)
[1013/224206.661:ERROR:process_memory_win.cc(73)] ReadMemory at 0x25068c32c60 of 132 bytes failed: Запрос ReadProcessMemory или WriteProcessMemory был выполнен только частично. (0x12B)
[1013/224206.661:ERROR:process_memory_win.cc(73)] ReadMemory at 0x25068c486f0 of 124 bytes failed: Запрос ReadProcessMemory или WriteProcessMemory был выполнен только частично. (0x12B)
[1013/224206.661:ERROR:process_memory_win.cc(73)] ReadMemory at 0x250695f2100 of 40 bytes failed: Запрос ReadProcessMemory или WriteProcessMemory был выполнен только частично. (0x12B)
[1013/224206.661:ERROR:process_memory_win.cc(73)] ReadMemory at 0x2506bcdf240 of 48 bytes failed: Запрос ReadProcessMemory или WriteProcessMemory был выполнен только частично. (0x12B)
[1013/224206.661:ERROR:process_memory_win.cc(73)] ReadMemory at 0x113072c68030 of 40 bytes failed: Запрос ReadProcessMemory или WriteProcessMemory был выполнен только частично. (0x12B)
[1013/224206.661:ERROR:process_memory_win.cc(73)] ReadMemory at 0x7ffd8e3b23f8 of 40 bytes failed: Запрос ReadProcessMemory или WriteProcessMemory был выполнен только частично. (0x12B)
[1013/224206.661:ERROR:process_memory_win.cc(73)] ReadMemory at 0x7ffdc0385020 of 40 bytes failed: Запрос ReadProcessMemory или WriteProcessMemory был выполнен только частично. (0x12B)
[1013/224206.661:ERROR:process_memory_win.cc(73)] ReadMemory at 0x7ffdc2ec06e0 of 18 bytes failed: Запрос ReadProcessMemory или WriteProcessMemory был выполнен только частично. (0x12B)
[1013/224206.661:ERROR:process_memory_win.cc(73)] ReadMemory at 0x7ffdc2ef44f8 of 40 bytes failed: Запрос ReadProcessMemory или WriteProcessMemory был выполнен только частично. (0x12B)
[1013/224206.661:ERROR:process_memory_win.cc(73)] ReadMemory at 0x7ffdc2ef4560 of 48 bytes failed: Запрос ReadProcessMemory или WriteProcessMemory был выполнен только частично. (0x12B)
[1013/224206.661:ERROR:process_memory_win.cc(73)] ReadMemory at 0x7ffdc2ef4978 of 48 bytes failed: Запрос ReadProcessMemory или WriteProcessMemory был выполнен только частично. (0x12B)
[1013/224206.661:ERROR:process_memory_win.cc(73)] ReadMemory at 0x7ffdc2ef8ce0 of 40 bytes failed: Запрос ReadProcessMemory или WriteProcessMemory был выполнен только частично. (0x12B)
[1013/224206.661:ERROR:process_memory_win.cc(73)] ReadMemory at 0x7ffdc2ef8e40 of 192 bytes failed: Запрос ReadProcessMemory или WriteProcessMemory был выполнен только частично. (0x12B)
[1013/224206.661:ERROR:process_memory_win.cc(73)] ReadMemory at 0x7ffdc2ef8f30 of 48 bytes failed: Запрос ReadProcessMemory или WriteProcessMemory был выполнен только частично. (0x12B)
[1013/224206.661:ERROR:process_memory_win.cc(73)] ReadMemory at 0x7ffdc2ef8f90 of 48 bytes failed: Запрос ReadProcessMemory или WriteProcessMemory был выполнен только частично. (0x12B)
[1013/224206.661:ERROR:process_memory_win.cc(73)] ReadMemory at 0x7ffdc2efa4c0 of 64 bytes failed: Запрос ReadProcessMemory или WriteProcessMemory был выполнен только частично. (0x12B)
[1013/224206.661:ERROR:filesystem_win.cc(129)] GetFileAttributes C:\Users\РњР°РєСЃРёРј\AppData\Local\Microsoft\Edge\User Data\Crashpad\attachments\259ff587-2d87-4e09-90ee-2cbe5b952b08: Системе не удается найти указанный путь. (0x3)
[1013/224206.661:ERROR:scoped_process_suspend.cc(40)] NtResumeProcess: Попытка доступа к процессу, выполняющему процедуру завершения. (0xc000010a)
[1014/193918.498:ERROR:directory_reader_win.cc(43)] FindFirstFile: Системе не удается найти указанный путь. (0x3)
[1015/205616.539:ERROR:directory_reader_win.cc(43)] FindFirstFile: Системе не удается найти указанный путь. (0x3)
